[+] Containers:
 |- [+] Container: /Game/FirstPerson/Maps/AssetsLevel
 |   |- [+] ActorDescs:
 |   |   |- Guid:0EAE09964ED636F493CC4ABEC8031C36 BaseClass: NativeClass:/Script/Engine.StaticMeshActor Name:StaticMeshActor_1 Label:SM_ChamferCube SpatiallyLoaded:1 Bounds:IsValid=true, Min=(X=1091.699 Y=271.699 Z=0.013), Max=(X=1228.301 Y=408.301 Z=100.013) RuntimeGrid:None EditorOnly:0 RuntimeOnly:0 HLODRelevant:0 FolderPath:SimulatedCubes FolderGuid:9AEEADCB4DC6C647D6E7C0B4EDA1744F
 |   |   |- Guid:194116984D83B0E2FBFB4280D1E6CB5B BaseClass: NativeClass:/Script/Engine.StaticMeshActor Name:StaticMeshActor_UAID_B42E99913DA473BB01_2012060871 Label:Plane SpatiallyLoaded:1 Bounds:IsValid=true, Min=(X=-4687.500 Y=-4662.500 Z=-0.000), Max=(X=4687.500 Y=4662.500 Z=0.000) RuntimeGrid:None EditorOnly:0 RuntimeOnly:0 HLODRelevant:1
 |   |   |- Guid:254748D04660851EB3B2559DF9F3C406 BaseClass: NativeClass:/Script/Engine.StaticMeshActor Name:StaticMeshActor_UAID_B42E99913DA474BB01_1313889057 Label:SM_Fence_5 SpatiallyLoaded:1 Bounds:IsValid=true, Min=(X=1224.070 Y=4571.543 Z=-3.904), Max=(X=1546.636 Y=4589.100 Z=119.303) RuntimeGrid:None EditorOnly:0 RuntimeOnly:0 HLODRelevant:1
 |   |   |- Guid:25DE7D6548A30C48721C85B5A7CFC024 BaseClass: NativeClass:/Script/Engine.StaticMeshActor Name:StaticMeshActor_UAID_B42E99913DA461BB01_1560352713 Label:SM_Pebbles_Scattered_Stone SpatiallyLoaded:1 Bounds:IsValid=true, Min=(X=701.847 Y=2149.433 Z=-1.237), Max=(X=924.424 Y=2353.956 Z=5.692) RuntimeGrid:None EditorOnly:0 RuntimeOnly:0 HLODRelevant:1
 |   |   |- Guid:270DF2A04BB82494654739886889BEA4 BaseClass: NativeClass:/Script/Engine.StaticMeshActor Name:StaticMeshActor_UAID_B42E99913DA45FBB01_1761727351 Label:SM_Wheat_02 SpatiallyLoaded:1 Bounds:IsValid=true, Min=(X=1470.056 Y=503.335 Z=-5.826), Max=(X=1542.657 Y=597.888 Z=151.949) RuntimeGrid:None EditorOnly:0 RuntimeOnly:0 HLODRelevant:1
 |   |   |- Guid:2770974643B937572A07D4925F3C7860 BaseClass: NativeClass:/Script/Engine.StaticMeshActor Name:StaticMeshActor_UAID_B42E99913DA474BB01_1515531066 Label:SM_Tower_BaseDoor2 SpatiallyLoaded:1 Bounds:IsValid=true, Min=(X=-528.241 Y=-1003.241 Z=1006.925), Max=(X=1017.896 Y=533.241 Z=2020.324) RuntimeGrid:None EditorOnly:0 RuntimeOnly:0 HLODRelevant:1
 |   |   |- Guid:2DCE462F497FF50F8BC7AEAB49B42156 BaseClass: NativeClass:/Script/Engine.StaticMeshActor Name:StaticMeshActor_43 Label:SM_ChamferCube9 SpatiallyLoaded:1 Bounds:IsValid=true, Min=(X=1191.292 Y=329.199 Z=0.013), Max=(X=1327.894 Y=465.801 Z=100.013) RuntimeGrid:None EditorOnly:0 RuntimeOnly:0 HLODRelevant:0 FolderPath:SimulatedCubes FolderGuid:9AEEADCB4DC6C647D6E7C0B4EDA1744F
 |   |   |- Guid:32681EFA44BF3902B4FD0E94B1D62211 BaseClass: NativeClass:/Script/Engine.TextRenderActor Name:TextRenderActor_1 Label:TextRenderActor SpatiallyLoaded:1 Bounds:IsValid=true, Min=(X=-0.100 Y=1100.000 Z=65.013), Max=(X=-0.100 Y=2363.461 Z=215.013) RuntimeGrid:None EditorOnly:0 RuntimeOnly:0 HLODRelevant:0
 |   |   |- Guid:3674FC204815AA519DC7CFA2F8C36AFB BaseClass: NativeClass:/Script/Engine.StaticMeshActor Name:StaticMeshActor_UAID_B42E99913DA461BB01_1561563714 Label:SM_Pebbles_Dense_Stone SpatiallyLoaded:1 Bounds:IsValid=true, Min=(X=866.057 Y=2036.458 Z=0.574), Max=(X=1015.290 Y=2197.863 Z=9.228) RuntimeGrid:None EditorOnly:0 RuntimeOnly:0 HLODRelevant:1
 |   |   |- Guid:3C110524401F8E640960E7A6F4EC7486 BaseClass: NativeClass:/Script/Engine.StaticMeshActor Name:StaticMeshActor_UAID_B42E99913DA461BB01_1700034730 Label:SM_Tree_C_02_WIP SpatiallyLoaded:1 Bounds:IsValid=true, Min=(X=-412.057 Y=2730.759 Z=-37.835), Max=(X=1161.165 Y=4338.414 Z=1552.831) RuntimeGrid:None EditorOnly:0 RuntimeOnly:0 HLODRelevant:1
 |   |   |- Guid:3C35E5A64C4D801E0282C8ABB4D4D4A5 BaseClass: NativeClass:/Script/Engine.StaticMeshActor Name:StaticMeshActor_UAID_B42E99913DA45FBB01_1782540354 Label:SM_HazelBush_03_WIP SpatiallyLoaded:1 Bounds:IsValid=true, Min=(X=1019.608 Y=399.814 Z=-0.174), Max=(X=1570.594 Y=975.672 Z=905.778) RuntimeGrid:None EditorOnly:0 RuntimeOnly:0 HLODRelevant:1
 |   |   |- Guid:3E0C49B4483C3E7AEA9523A81399305A BaseClass: NativeClass:/Script/Engine.SkyLight Name:SkyLight_0 Label:SkyLight SpatiallyLoaded:0 Bounds:IsValid=true, Min=(X=0.000 Y=0.000 Z=690.000), Max=(X=0.000 Y=0.000 Z=690.000) RuntimeGrid:None EditorOnly:0 RuntimeOnly:0 HLODRelevant:0 FolderPath:Lighting FolderGuid:0BA5F0A04EADB18E70D5B180D08FA34B
 |   |   |- Guid:43905AF849469BC9AF406E95800ED46A BaseClass: NativeClass:/Script/Engine.StaticMeshActor Name:StaticMeshActor_UAID_B42E99913DA474BB01_1174723049 Label:SM_Pebbles_Scattered_Stone2 SpatiallyLoaded:1 Bounds:IsValid=true, Min=(X=771.847 Y=3724.433 Z=-1.237), Max=(X=994.424 Y=3928.956 Z=5.692) RuntimeGrid:None EditorOnly:0 RuntimeOnly:0 HLODRelevant:1
 |   |   |- Guid:465843C0473F7CCA222E289F8D1820CB BaseClass: NativeClass:/Script/Engine.StaticMeshActor Name:StaticMeshActor_UAID_B42E99913DA474BB01_1449224063 Label:SM_Tower_BaseDoor SpatiallyLoaded:1 Bounds:IsValid=true, Min=(X=-528.241 Y=-1003.241 Z=1.925), Max=(X=1008.241 Y=542.896 Z=1015.324) RuntimeGrid:None EditorOnly:0 RuntimeOnly:0 HLODRelevant:1
 |   |   |- Guid:469FC24A49166FA5D63877ADE5B39165 BaseClass: NativeClass:/Script/Engine.SkyAtmosphere Name:SkyAtmosphere_0 Label:SkyAtmosphere SpatiallyLoaded:0 Bounds:IsValid=true, Min=(X=0.000 Y=0.000 Z=1020.000), Max=(X=0.000 Y=0.000 Z=1020.000) RuntimeGrid:None EditorOnly:0 RuntimeOnly:0 HLODRelevant:0 FolderPath:Lighting FolderGuid:0BA5F0A04EADB18E70D5B180D08FA34B
 |   |   |- Guid:4B774E7440B5A6E012BDCC82008C6127 BaseClass:/Game/FirstPerson/Blueprints/BP_Pickup_Rifle.BP_Pickup_Rifle_C NativeClass:/Script/Engine.Actor Name:BP_Rifle_C_1 Label:BP_Pickup_Rifle SpatiallyLoaded:1 Bounds:IsValid=true, Min=(X=1378.000 Y=818.000 Z=64.000), Max=(X=1442.000 Y=907.440 Z=128.000) RuntimeGrid:None EditorOnly:0 RuntimeOnly:0 HLODRelevant:0
 |   |   |- Guid:517CFFAF4C137328444443B50BC31257 BaseClass: NativeClass:/Script/Engine.StaticMeshActor Name:StaticMeshActor_UAID_B42E99913DA461BB01_1533879710 Label:SM_Candelabra_Frame SpatiallyLoaded:1 Bounds:IsValid=true, Min=(X=570.357 Y=470.357 Z=-16.041), Max=(X=1139.643 Y=1039.643 Z=23.573) RuntimeGrid:None EditorOnly:0 RuntimeOnly:0 HLODRelevant:1
 |   |   |- Guid:55A58E324DA6FB7F73CEFF87319B84E1 BaseClass: NativeClass:/Script/Engine.StaticMeshActor Name:StaticMeshActor_UAID_B42E99913DA474BB01_1552679067 Label:SM_Door_Base SpatiallyLoaded:1 Bounds:IsValid=true, Min=(X=957.278 Y=-354.977 Z=1052.842), Max=(X=1006.571 Y=-116.952 Z=1369.486) RuntimeGrid:None EditorOnly:0 RuntimeOnly:0 HLODRelevant:1
 |   |   |- Guid:65B4FDF9499D631FADF22F9C0E137020 BaseClass: NativeClass:/Script/Engine.StaticMeshActor Name:StaticMeshActor_UAID_B42E99913DA461BB01_1444122708 Label:SM_BookStand SpatiallyLoaded:1 Bounds:IsValid=true, Min=(X=544.246 Y=249.327 Z=-6.892), Max=(X=713.503 Y=410.027 Z=217.129) RuntimeGrid:None EditorOnly:0 RuntimeOnly:0 HLODRelevant:1
 |   |   |- Guid:6B9DB0004AAF229386EB76826B5F84B4 BaseClass: NativeClass:/Script/Engine.StaticMeshActor Name:StaticMeshActor_UAID_B42E99913DA474BB01_1173329048 Label:SM_Pebbles_Dense_Stone2 SpatiallyLoaded:1 Bounds:IsValid=true, Min=(X=1341.057 Y=4076.458 Z=0.574), Max=(X=1490.290 Y=4237.863 Z=9.228) RuntimeGrid:None EditorOnly:0 RuntimeOnly:0 HLODRelevant:1
 |   |   |- Guid:708CEB6E4A4E3048F2E60AAD74C8E0D6 BaseClass: NativeClass:/Script/Engine.StaticMeshActor Name:StaticMeshActor_UAID_B42E99913DA474BB01_1574749068 Label:SM_Bridge_03 SpatiallyLoaded:1 Bounds:IsValid=true, Min=(X=3084.147 Y=-442.726 Z=-6.320), Max=(X=4135.078 Y=-34.718 Z=1146.104) RuntimeGrid:None EditorOnly:0 RuntimeOnly:0 HLODRelevant:1
 |   |   |- Guid:7D97033E4F7C1CD8D0E97BBC48229CBD BaseClass: NativeClass:/Script/Engine.StaticMeshActor Name:StaticMeshActor_UAID_B42E99913DA45FBB01_1775890353 Label:SM_LeafField_02 SpatiallyLoaded:1 Bounds:IsValid=true, Min=(X=1157.235 Y=-4.528 Z=-26.957), Max=(X=1568.826 Y=372.989 Z=60.752) RuntimeGrid:None EditorOnly:0 RuntimeOnly:0 HLODRelevant:1
 |   |   |- Guid:7FD97E3540442A80B5D4168A85AEE593 BaseClass: NativeClass:/Script/Engine.StaticMeshActor Name:StaticMeshActor_UAID_B42E99913DA474BB01_1303722056 Label:SM_Fence_04 SpatiallyLoaded:1 Bounds:IsValid=true, Min=(X=904.070 Y=4571.543 Z=-3.904), Max=(X=1226.636 Y=4589.100 Z=119.303) RuntimeGrid:None EditorOnly:0 RuntimeOnly:0 HLODRelevant:1
 |   |   |- Guid:94B4FCAA463A5CF92B03D7B02A460551 BaseClass: NativeClass:/Script/Engine.StaticMeshActor Name:StaticMeshActor_UAID_B42E99913DA461BB01_1544848711 Label:SM_Globe SpatiallyLoaded:1 Bounds:IsValid=true, Min=(X=413.369 Y=1628.368 Z=202.236), Max=(X=496.631 Y=1711.631 Z=308.935) RuntimeGrid:None EditorOnly:0 RuntimeOnly:0 HLODRelevant:1
 |   |   |- Guid:96CAA0AC400B1122FE5793A534C49738 BaseClass: NativeClass:/Script/Engine.StaticMeshActor Name:StaticMeshActor_UAID_B42E99913DA474BB01_1189827050 Label:SM_Vines_Large_03 SpatiallyLoaded:1 Bounds:IsValid=true, Min=(X=542.803 Y=3956.801 Z=-29.143), Max=(X=630.349 Y=4593.039 Z=416.699) RuntimeGrid:None EditorOnly:0 RuntimeOnly:0 HLODRelevant:1
 |   |   |- Guid:9C13DDB24AD937B133B344900784B66F BaseClass: NativeClass:/Script/Engine.WorldDataLayers Name:WorldDataLayers Label:WorldDataLayers SpatiallyLoaded:0 Bounds:IsValid=true, Min=(X=0.000 Y=0.000 Z=0.000), Max=(X=0.000 Y=0.000 Z=0.000) RuntimeGrid:None EditorOnly:0 RuntimeOnly:0 HLODRelevant:0
 |   |   |- Guid:9C7FE0B94CC3EEC6A07335A342157378 BaseClass: NativeClass:/Script/Engine.StaticMeshActor Name:StaticMeshActor_UAID_B42E99913DA474BB01_1406901062 Label:SM_Bridge_2 SpatiallyLoaded:1 Bounds:IsValid=true, Min=(X=2034.922 Y=-445.282 Z=-11.320), Max=(X=3085.853 Y=-37.274 Z=1141.104) RuntimeGrid:None EditorOnly:0 RuntimeOnly:0 HLODRelevant:1
 |   |   |- Guid:A0729A00455023DB64BDB49380BDDDAF BaseClass: NativeClass:/Script/Engine.StaticMeshActor Name:StaticMeshActor_UAID_B42E99913DA461BB01_1622738718 Label:SM_Cliff_08 SpatiallyLoaded:1 Bounds:IsValid=true, Min=(X=1398.358 Y=3708.671 Z=-2.014), Max=(X=1575.173 Y=3880.778 Z=32.650) RuntimeGrid:None EditorOnly:0 RuntimeOnly:0 HLODRelevant:1
 |   |   |- Guid:A8F84C6A4663D635F83B33A48D152FCB BaseClass: NativeClass:/Script/Engine.PostProcessVolume Name:PostProcessVolume_0 Label:PostProcessVolume SpatiallyLoaded:0 Bounds:IsValid=true, Min=(X=0.000 Y=0.000 Z=400.000), Max=(X=200.000 Y=200.000 Z=600.000) RuntimeGrid:None EditorOnly:0 RuntimeOnly:0 HLODRelevant:0 FolderPath:Lighting FolderGuid:0BA5F0A04EADB18E70D5B180D08FA34B
 |   |   |- Guid:ACEF8B8D43B3F5D6EB08D6943900295B BaseClass: NativeClass:/Script/Engine.StaticMeshActor Name:StaticMeshActor_UAID_B42E99913DA474BB01_1315937058 Label:SM_Fence_6 SpatiallyLoaded:1 Bounds:IsValid=true, Min=(X=1544.070 Y=4571.543 Z=-3.904), Max=(X=1866.636 Y=4589.100 Z=119.303) RuntimeGrid:None EditorOnly:0 RuntimeOnly:0 HLODRelevant:1
 |   |   |- Guid:AFABE64F439B47808028A39D055833A6 BaseClass: NativeClass:/Script/Engine.StaticMeshActor Name:StaticMeshActor_UAID_B42E99913DA461BB01_1563994715 Label:SM_RockMedium_02 SpatiallyLoaded:1 Bounds:IsValid=true, Min=(X=1792.219 Y=3767.842 Z=-271.691), Max=(X=3067.691 Y=4827.798 Z=361.371) RuntimeGrid:None EditorOnly:0 RuntimeOnly:0 HLODRelevant:1
 |   |   |- Guid:B1BF656D4C333024F3C26F9207E2DD58 BaseClass: NativeClass:/Script/Engine.StaticMeshActor Name:StaticMeshActor_UAID_B42E99913DA474BB01_1652314073 Label:SM_Grass_Scattered SpatiallyLoaded:1 Bounds:IsValid=true, Min=(X=953.760 Y=3687.762 Z=-2.926), Max=(X=1060.830 Y=3793.437 Z=40.404) RuntimeGrid:None EditorOnly:0 RuntimeOnly:0 HLODRelevant:1
 |   |   |- Guid:B565FBCB45D5ACA1005C57A811AFBC88 BaseClass: NativeClass:/Script/Engine.PlayerStart Name:PlayerStart_0 Label:PlayerStart SpatiallyLoaded:0 Bounds:IsValid=true, Min=(X=1015.000 Y=4395.000 Z=0.013), Max=(X=1095.000 Y=4475.000 Z=184.013) RuntimeGrid:None EditorOnly:0 RuntimeOnly:0 HLODRelevant:0
 |   |   |- Guid:BC9E93E34607684BA0B3758396991E32 BaseClass: NativeClass:/Script/Engine.StaticMeshActor Name:StaticMeshActor_UAID_B42E99913DA474BB01_1600635069 Label:SM_RockMedium_3 SpatiallyLoaded:1 Bounds:IsValid=true, Min=(X=1582.842 Y=3007.309 Z=-271.691), Max=(X=2642.798 Y=4282.781 Z=361.371) RuntimeGrid:None EditorOnly:0 RuntimeOnly:0 HLODRelevant:1
 |   |   |- Guid:BE26E37648B6F8A2693F8C972FE90235 BaseClass: NativeClass:/Script/Engine.StaticMeshActor Name:StaticMeshActor_29 Label:SM_ChamferCube4 SpatiallyLoaded:1 Bounds:IsValid=true, Min=(X=334.338 Y=334.338 Z=0.063), Max=(X=545.662 Y=545.662 Z=150.063) RuntimeGrid:None EditorOnly:0 RuntimeOnly:0 HLODRelevant:0 FolderPath:SimulatedCubes FolderGuid:9AEEADCB4DC6C647D6E7C0B4EDA1744F
 |   |   |- Guid:C0885577497D3830ACBF1693D6C0ACB3 BaseClass: NativeClass:/Script/Engine.VolumetricCloud Name:VolumetricCloud_0 Label:VolumetricCloud SpatiallyLoaded:0 Bounds:IsValid=true, Min=(X=0.000 Y=0.000 Z=820.000), Max=(X=0.000 Y=0.000 Z=820.000) RuntimeGrid:None EditorOnly:0 RuntimeOnly:0 HLODRelevant:0 FolderPath:Lighting FolderGuid:0BA5F0A04EADB18E70D5B180D08FA34B
 |   |   |- Guid:C4B284BD4805EEB672EFAB8BF4EA86F9 BaseClass: NativeClass:/Script/Engine.StaticMeshActor Name:StaticMeshActor_UAID_B42E99913DA461BB01_1441213707 Label:SM_Chair SpatiallyLoaded:1 Bounds:IsValid=true, Min=(X=748.436 Y=250.674 Z=-2.069), Max=(X=901.078 Y=400.563 Z=211.494) RuntimeGrid:None EditorOnly:0 RuntimeOnly:0 HLODRelevant:1
 |   |   |- Guid:D4BBD51A4159B5162BCD7C9B87DC722B BaseClass: NativeClass:/Script/Engine.StaticMeshActor Name:StaticMeshActor_UAID_B42E99913DA474BB01_1285273054 Label:SM_Fence_02 SpatiallyLoaded:1 Bounds:IsValid=true, Min=(X=582.299 Y=4571.221 Z=-3.904), Max=(X=905.690 Y=4588.778 Z=119.302) RuntimeGrid:None EditorOnly:0 RuntimeOnly:0 HLODRelevant:1
 |   |   |- Guid:D614294443C29F1C5CB97FB63E8B99DA BaseClass: NativeClass:/Script/Engine.StaticMeshActor Name:StaticMeshActor_UAID_B42E99913DA474BB01_1326799059 Label:SM_Fence_03 SpatiallyLoaded:1 Bounds:IsValid=true, Min=(X=1843.640 Y=4566.616 Z=-4.161), Max=(X=2166.441 Y=4584.173 Z=119.046) RuntimeGrid:None EditorOnly:0 RuntimeOnly:0 HLODRelevant:1
 |   |   |- Guid:E38C84FF4341B1B2233A7F9F6A03692C BaseClass: NativeClass:/Script/Engine.StaticMeshActor Name:StaticMeshActor_UAID_B42E99913DA474BB01_1262762053 Label:SM_HazelBush_01_WIP SpatiallyLoaded:1 Bounds:IsValid=true, Min=(X=1519.081 Y=3989.245 Z=-5.190), Max=(X=1968.120 Y=4422.531 Z=543.211) RuntimeGrid:None EditorOnly:0 RuntimeOnly:0 HLODRelevant:1
 |   |   |- Guid:E601B5614B5E08F3BC0E22AC7C609795 BaseClass: NativeClass:/Script/Engine.StaticMeshActor Name:StaticMeshActor_UAID_B42E99913DA474BB01_1379118061 Label:SM_Bridge_01 SpatiallyLoaded:1 Bounds:IsValid=true, Min=(X=984.922 Y=-441.532 Z=-11.320), Max=(X=2035.853 Y=-33.524 Z=1141.104) RuntimeGrid:None EditorOnly:0 RuntimeOnly:0 HLODRelevant:1
 |   |   |- Guid:EDA2CF154BCC1A4EAE148CB8A1164C68 BaseClass: NativeClass:/Script/Engine.StaticMeshActor Name:StaticMeshActor_UAID_B42E99913DA461BB01_1566981716 Label:SM_Cliff_01 SpatiallyLoaded:1 Bounds:IsValid=true, Min=(X=-963.021 Y=3203.094 Z=-464.166), Max=(X=1037.859 Y=5156.532 Z=474.979) RuntimeGrid:None EditorOnly:0 RuntimeOnly:0 HLODRelevant:1
 |   |   |- Guid:F27849E64552045F534E24B012E8B310 BaseClass: NativeClass:/Script/Engine.ExponentialHeightFog Name:ExponentialHeightFog_0 Label:ExponentialHeightFog SpatiallyLoaded:0 Bounds:IsValid=true, Min=(X=-5600.000 Y=-50.000 Z=-6850.000), Max=(X=-5600.000 Y=-50.000 Z=-6850.000) RuntimeGrid:None EditorOnly:0 RuntimeOnly:0 HLODRelevant:0 FolderPath:Lighting FolderGuid:0BA5F0A04EADB18E70D5B180D08FA34B
 |   |   |- Guid:F6550C344C2A408B29CE96976DDB526D BaseClass: NativeClass:/Script/Engine.StaticMeshActor Name:StaticMeshActor_UAID_B42E99913DA474BB01_1646863071 Label:SM_Grass_Large SpatiallyLoaded:1 Bounds:IsValid=true, Min=(X=858.457 Y=3974.417 Z=-1.748), Max=(X=1122.643 Y=4192.252 Z=115.488) RuntimeGrid:None EditorOnly:0 RuntimeOnly:0 HLODRelevant:1
 |   |   |- Guid:F7E24B1F42E37AB0F436A39E50778337 BaseClass: NativeClass:/Script/Engine.StaticMeshActor Name:StaticMeshActor_UAID_B42E99913DA474BB01_1210131052 Label:SM_Weed_01 SpatiallyLoaded:1 Bounds:IsValid=true, Min=(X=574.449 Y=3577.445 Z=-1.595), Max=(X=656.144 Y=3659.682 Z=134.749) RuntimeGrid:None EditorOnly:0 RuntimeOnly:0 HLODRelevant:1
 |   |   |- Guid:FA3ACC3E41E452769E6E94B156530E75 BaseClass: NativeClass:/Script/Engine.DirectionalLight Name:DirectionalLight_1 Label:DirectionalLight SpatiallyLoaded:0 Bounds:IsValid=true, Min=(X=-4398046511104.000 Y=-4398046511104.000 Z=-4398046511104.000), Max=(X=4398046511104.000 Y=4398046511104.000 Z=4398046511104.000) RuntimeGrid:None EditorOnly:0 RuntimeOnly:0 HLODRelevant:0 FolderPath:Lighting FolderGuid:0BA5F0A04EADB18E70D5B180D08FA34B
 |   |   |- Guid:FC4C03E84AACEBC449DDEF9F5D60823A BaseClass: NativeClass:/Script/Engine.StaticMeshActor Name:StaticMeshActor_UAID_B42E99913DA474BB01_1651178072 Label:SM_Grass_Medium SpatiallyLoaded:1 Bounds:IsValid=true, Min=(X=1141.260 Y=3866.630 Z=-1.956), Max=(X=1297.006 Y=4010.933 Z=72.190) RuntimeGrid:None EditorOnly:0 RuntimeOnly:0 HLODRelevant:1
 |   |   |- Guid:FE4AD98E4A2E6CF5E122D1A0E2D3D587 BaseClass: NativeClass:/Script/Engine.StaticMeshActor Name:StaticMeshActor_UAID_B42E99913DA474BB01_1199294051 Label:SM_Vines_Large_4 SpatiallyLoaded:1 Bounds:IsValid=true, Min=(X=438.830 Y=3386.079 Z=-29.143), Max=(X=635.527 Y=4027.854 Z=416.699) RuntimeGrid:None EditorOnly:0 RuntimeOnly:0 HLODRelevant:1
 |   |- [+] Clusters:
 |   |   |- [+] [  0]
 |   |   |   |- Guid:3E0C49B4483C3E7AEA9523A81399305A BaseClass: NativeClass:/Script/Engine.SkyLight Name:SkyLight_0 Label:SkyLight SpatiallyLoaded:0 Bounds:IsValid=true, Min=(X=0.000 Y=0.000 Z=690.000), Max=(X=0.000 Y=0.000 Z=690.000) RuntimeGrid:None EditorOnly:0 RuntimeOnly:0 HLODRelevant:0 FolderPath:Lighting FolderGuid:0BA5F0A04EADB18E70D5B180D08FA34B
 |   |   |- [+] [  1]
 |   |   |   |- Guid:F27849E64552045F534E24B012E8B310 BaseClass: NativeClass:/Script/Engine.ExponentialHeightFog Name:ExponentialHeightFog_0 Label:ExponentialHeightFog SpatiallyLoaded:0 Bounds:IsValid=true, Min=(X=-5600.000 Y=-50.000 Z=-6850.000), Max=(X=-5600.000 Y=-50.000 Z=-6850.000) RuntimeGrid:None EditorOnly:0 RuntimeOnly:0 HLODRelevant:0 FolderPath:Lighting FolderGuid:0BA5F0A04EADB18E70D5B180D08FA34B
 |   |   |- [+] [  2]
 |   |   |   |- Guid:3674FC204815AA519DC7CFA2F8C36AFB BaseClass: NativeClass:/Script/Engine.StaticMeshActor Name:StaticMeshActor_UAID_B42E99913DA461BB01_1561563714 Label:SM_Pebbles_Dense_Stone SpatiallyLoaded:1 Bounds:IsValid=true, Min=(X=866.057 Y=2036.458 Z=0.574), Max=(X=1015.290 Y=2197.863 Z=9.228) RuntimeGrid:None EditorOnly:0 RuntimeOnly:0 HLODRelevant:1
 |   |   |- [+] [  3]
 |   |   |   |- Guid:A0729A00455023DB64BDB49380BDDDAF BaseClass: NativeClass:/Script/Engine.StaticMeshActor Name:StaticMeshActor_UAID_B42E99913DA461BB01_1622738718 Label:SM_Cliff_08 SpatiallyLoaded:1 Bounds:IsValid=true, Min=(X=1398.358 Y=3708.671 Z=-2.014), Max=(X=1575.173 Y=3880.778 Z=32.650) RuntimeGrid:None EditorOnly:0 RuntimeOnly:0 HLODRelevant:1
 |   |   |- [+] [  4]
 |   |   |   |- Guid:9C13DDB24AD937B133B344900784B66F BaseClass: NativeClass:/Script/Engine.WorldDataLayers Name:WorldDataLayers Label:WorldDataLayers SpatiallyLoaded:0 Bounds:IsValid=true, Min=(X=0.000 Y=0.000 Z=0.000), Max=(X=0.000 Y=0.000 Z=0.000) RuntimeGrid:None EditorOnly:0 RuntimeOnly:0 HLODRelevant:0
 |   |   |- [+] [  5]
 |   |   |   |- Guid:BE26E37648B6F8A2693F8C972FE90235 BaseClass: NativeClass:/Script/Engine.StaticMeshActor Name:StaticMeshActor_29 Label:SM_ChamferCube4 SpatiallyLoaded:1 Bounds:IsValid=true, Min=(X=334.338 Y=334.338 Z=0.063), Max=(X=545.662 Y=545.662 Z=150.063) RuntimeGrid:None EditorOnly:0 RuntimeOnly:0 HLODRelevant:0 FolderPath:SimulatedCubes FolderGuid:9AEEADCB4DC6C647D6E7C0B4EDA1744F
 |   |   |- [+] [  6]
 |   |   |   |- Guid:7D97033E4F7C1CD8D0E97BBC48229CBD BaseClass: NativeClass:/Script/Engine.StaticMeshActor Name:StaticMeshActor_UAID_B42E99913DA45FBB01_1775890353 Label:SM_LeafField_02 SpatiallyLoaded:1 Bounds:IsValid=true, Min=(X=1157.235 Y=-4.528 Z=-26.957), Max=(X=1568.826 Y=372.989 Z=60.752) RuntimeGrid:None EditorOnly:0 RuntimeOnly:0 HLODRelevant:1
 |   |   |- [+] [  7]
 |   |   |   |- Guid:AFABE64F439B47808028A39D055833A6 BaseClass: NativeClass:/Script/Engine.StaticMeshActor Name:StaticMeshActor_UAID_B42E99913DA461BB01_1563994715 Label:SM_RockMedium_02 SpatiallyLoaded:1 Bounds:IsValid=true, Min=(X=1792.219 Y=3767.842 Z=-271.691), Max=(X=3067.691 Y=4827.798 Z=361.371) RuntimeGrid:None EditorOnly:0 RuntimeOnly:0 HLODRelevant:1
 |   |   |- [+] [  8]
 |   |   |   |- Guid:517CFFAF4C137328444443B50BC31257 BaseClass: NativeClass:/Script/Engine.StaticMeshActor Name:StaticMeshActor_UAID_B42E99913DA461BB01_1533879710 Label:SM_Candelabra_Frame SpatiallyLoaded:1 Bounds:IsValid=true, Min=(X=570.357 Y=470.357 Z=-16.041), Max=(X=1139.643 Y=1039.643 Z=23.573) RuntimeGrid:None EditorOnly:0 RuntimeOnly:0 HLODRelevant:1
 |   |   |- [+] [  9]
 |   |   |   |- Guid:469FC24A49166FA5D63877ADE5B39165 BaseClass: NativeClass:/Script/Engine.SkyAtmosphere Name:SkyAtmosphere_0 Label:SkyAtmosphere SpatiallyLoaded:0 Bounds:IsValid=true, Min=(X=0.000 Y=0.000 Z=1020.000), Max=(X=0.000 Y=0.000 Z=1020.000) RuntimeGrid:None EditorOnly:0 RuntimeOnly:0 HLODRelevant:0 FolderPath:Lighting FolderGuid:0BA5F0A04EADB18E70D5B180D08FA34B
 |   |   |- [+] [ 10]
 |   |   |   |- Guid:25DE7D6548A30C48721C85B5A7CFC024 BaseClass: NativeClass:/Script/Engine.StaticMeshActor Name:StaticMeshActor_UAID_B42E99913DA461BB01_1560352713 Label:SM_Pebbles_Scattered_Stone SpatiallyLoaded:1 Bounds:IsValid=true, Min=(X=701.847 Y=2149.433 Z=-1.237), Max=(X=924.424 Y=2353.956 Z=5.692) RuntimeGrid:None EditorOnly:0 RuntimeOnly:0 HLODRelevant:1
 |   |   |- [+] [ 11]
 |   |   |   |- Guid:3C35E5A64C4D801E0282C8ABB4D4D4A5 BaseClass: NativeClass:/Script/Engine.StaticMeshActor Name:StaticMeshActor_UAID_B42E99913DA45FBB01_1782540354 Label:SM_HazelBush_03_WIP SpatiallyLoaded:1 Bounds:IsValid=true, Min=(X=1019.608 Y=399.814 Z=-0.174), Max=(X=1570.594 Y=975.672 Z=905.778) RuntimeGrid:None EditorOnly:0 RuntimeOnly:0 HLODRelevant:1
 |   |   |- [+] [ 12]
 |   |   |   |- Guid:32681EFA44BF3902B4FD0E94B1D62211 BaseClass: NativeClass:/Script/Engine.TextRenderActor Name:TextRenderActor_1 Label:TextRenderActor SpatiallyLoaded:1 Bounds:IsValid=true, Min=(X=-0.100 Y=1100.000 Z=65.013), Max=(X=-0.100 Y=2363.461 Z=215.013) RuntimeGrid:None EditorOnly:0 RuntimeOnly:0 HLODRelevant:0
 |   |   |- [+] [ 13]
 |   |   |   |- Guid:B565FBCB45D5ACA1005C57A811AFBC88 BaseClass: NativeClass:/Script/Engine.PlayerStart Name:PlayerStart_0 Label:PlayerStart SpatiallyLoaded:0 Bounds:IsValid=true, Min=(X=1015.000 Y=4395.000 Z=0.013), Max=(X=1095.000 Y=4475.000 Z=184.013) RuntimeGrid:None EditorOnly:0 RuntimeOnly:0 HLODRelevant:0
 |   |   |- [+] [ 14]
 |   |   |   |- Guid:2DCE462F497FF50F8BC7AEAB49B42156 BaseClass: NativeClass:/Script/Engine.StaticMeshActor Name:StaticMeshActor_43 Label:SM_ChamferCube9 SpatiallyLoaded:1 Bounds:IsValid=true, Min=(X=1191.292 Y=329.199 Z=0.013), Max=(X=1327.894 Y=465.801 Z=100.013) RuntimeGrid:None EditorOnly:0 RuntimeOnly:0 HLODRelevant:0 FolderPath:SimulatedCubes FolderGuid:9AEEADCB4DC6C647D6E7C0B4EDA1744F
 |   |   |- [+] [ 15]
 |   |   |   |- Guid:270DF2A04BB82494654739886889BEA4 BaseClass: NativeClass:/Script/Engine.StaticMeshActor Name:StaticMeshActor_UAID_B42E99913DA45FBB01_1761727351 Label:SM_Wheat_02 SpatiallyLoaded:1 Bounds:IsValid=true, Min=(X=1470.056 Y=503.335 Z=-5.826), Max=(X=1542.657 Y=597.888 Z=151.949) RuntimeGrid:None EditorOnly:0 RuntimeOnly:0 HLODRelevant:1
 |   |   |- [+] [ 16]
 |   |   |   |- Guid:EDA2CF154BCC1A4EAE148CB8A1164C68 BaseClass: NativeClass:/Script/Engine.StaticMeshActor Name:StaticMeshActor_UAID_B42E99913DA461BB01_1566981716 Label:SM_Cliff_01 SpatiallyLoaded:1 Bounds:IsValid=true, Min=(X=-963.021 Y=3203.094 Z=-464.166), Max=(X=1037.859 Y=5156.532 Z=474.979) RuntimeGrid:None EditorOnly:0 RuntimeOnly:0 HLODRelevant:1
 |   |   |- [+] [ 17]
 |   |   |   |- Guid:3C110524401F8E640960E7A6F4EC7486 BaseClass: NativeClass:/Script/Engine.StaticMeshActor Name:StaticMeshActor_UAID_B42E99913DA461BB01_1700034730 Label:SM_Tree_C_02_WIP SpatiallyLoaded:1 Bounds:IsValid=true, Min=(X=-412.057 Y=2730.759 Z=-37.835), Max=(X=1161.165 Y=4338.414 Z=1552.831) RuntimeGrid:None EditorOnly:0 RuntimeOnly:0 HLODRelevant:1
 |   |   |- [+] [ 18]
 |   |   |   |- Guid:4B774E7440B5A6E012BDCC82008C6127 BaseClass:/Game/FirstPerson/Blueprints/BP_Pickup_Rifle.BP_Pickup_Rifle_C NativeClass:/Script/Engine.Actor Name:BP_Rifle_C_1 Label:BP_Pickup_Rifle SpatiallyLoaded:1 Bounds:IsValid=true, Min=(X=1378.000 Y=818.000 Z=64.000), Max=(X=1442.000 Y=907.440 Z=128.000) RuntimeGrid:None EditorOnly:0 RuntimeOnly:0 HLODRelevant:0
 |   |   |- [+] [ 19]
 |   |   |   |- Guid:0EAE09964ED636F493CC4ABEC8031C36 BaseClass: NativeClass:/Script/Engine.StaticMeshActor Name:StaticMeshActor_1 Label:SM_ChamferCube SpatiallyLoaded:1 Bounds:IsValid=true, Min=(X=1091.699 Y=271.699 Z=0.013), Max=(X=1228.301 Y=408.301 Z=100.013) RuntimeGrid:None EditorOnly:0 RuntimeOnly:0 HLODRelevant:0 FolderPath:SimulatedCubes FolderGuid:9AEEADCB4DC6C647D6E7C0B4EDA1744F
 |   |   |- [+] [ 20]
 |   |   |   |- Guid:C4B284BD4805EEB672EFAB8BF4EA86F9 BaseClass: NativeClass:/Script/Engine.StaticMeshActor Name:StaticMeshActor_UAID_B42E99913DA461BB01_1441213707 Label:SM_Chair SpatiallyLoaded:1 Bounds:IsValid=true, Min=(X=748.436 Y=250.674 Z=-2.069), Max=(X=901.078 Y=400.563 Z=211.494) RuntimeGrid:None EditorOnly:0 RuntimeOnly:0 HLODRelevant:1
 |   |   |- [+] [ 21]
 |   |   |   |- Guid:65B4FDF9499D631FADF22F9C0E137020 BaseClass: NativeClass:/Script/Engine.StaticMeshActor Name:StaticMeshActor_UAID_B42E99913DA461BB01_1444122708 Label:SM_BookStand SpatiallyLoaded:1 Bounds:IsValid=true, Min=(X=544.246 Y=249.327 Z=-6.892), Max=(X=713.503 Y=410.027 Z=217.129) RuntimeGrid:None EditorOnly:0 RuntimeOnly:0 HLODRelevant:1
 |   |   |- [+] [ 22]
 |   |   |   |- Guid:FA3ACC3E41E452769E6E94B156530E75 BaseClass: NativeClass:/Script/Engine.DirectionalLight Name:DirectionalLight_1 Label:DirectionalLight SpatiallyLoaded:0 Bounds:IsValid=true, Min=(X=-4398046511104.000 Y=-4398046511104.000 Z=-4398046511104.000), Max=(X=4398046511104.000 Y=4398046511104.000 Z=4398046511104.000) RuntimeGrid:None EditorOnly:0 RuntimeOnly:0 HLODRelevant:0 FolderPath:Lighting FolderGuid:0BA5F0A04EADB18E70D5B180D08FA34B
 |   |   |- [+] [ 23]
 |   |   |   |- Guid:94B4FCAA463A5CF92B03D7B02A460551 BaseClass: NativeClass:/Script/Engine.StaticMeshActor Name:StaticMeshActor_UAID_B42E99913DA461BB01_1544848711 Label:SM_Globe SpatiallyLoaded:1 Bounds:IsValid=true, Min=(X=413.369 Y=1628.368 Z=202.236), Max=(X=496.631 Y=1711.631 Z=308.935) RuntimeGrid:None EditorOnly:0 RuntimeOnly:0 HLODRelevant:1
 |   |   |- [+] [ 24]
 |   |   |   |- Guid:A8F84C6A4663D635F83B33A48D152FCB BaseClass: NativeClass:/Script/Engine.PostProcessVolume Name:PostProcessVolume_0 Label:PostProcessVolume SpatiallyLoaded:0 Bounds:IsValid=true, Min=(X=0.000 Y=0.000 Z=400.000), Max=(X=200.000 Y=200.000 Z=600.000) RuntimeGrid:None EditorOnly:0 RuntimeOnly:0 HLODRelevant:0 FolderPath:Lighting FolderGuid:0BA5F0A04EADB18E70D5B180D08FA34B
 |   |   |- [+] [ 25]
 |   |   |   |- Guid:C0885577497D3830ACBF1693D6C0ACB3 BaseClass: NativeClass:/Script/Engine.VolumetricCloud Name:VolumetricCloud_0 Label:VolumetricCloud SpatiallyLoaded:0 Bounds:IsValid=true, Min=(X=0.000 Y=0.000 Z=820.000), Max=(X=0.000 Y=0.000 Z=820.000) RuntimeGrid:None EditorOnly:0 RuntimeOnly:0 HLODRelevant:0 FolderPath:Lighting FolderGuid:0BA5F0A04EADB18E70D5B180D08FA34B
 |   |   |- [+] [ 26]
 |   |   |   |- Guid:194116984D83B0E2FBFB4280D1E6CB5B BaseClass: NativeClass:/Script/Engine.StaticMeshActor Name:StaticMeshActor_UAID_B42E99913DA473BB01_2012060871 Label:Plane SpatiallyLoaded:1 Bounds:IsValid=true, Min=(X=-4687.500 Y=-4662.500 Z=-0.000), Max=(X=4687.500 Y=4662.500 Z=0.000) RuntimeGrid:None EditorOnly:0 RuntimeOnly:0 HLODRelevant:1
 |   |   |- [+] [ 27]
 |   |   |   |- Guid:6B9DB0004AAF229386EB76826B5F84B4 BaseClass: NativeClass:/Script/Engine.StaticMeshActor Name:StaticMeshActor_UAID_B42E99913DA474BB01_1173329048 Label:SM_Pebbles_Dense_Stone2 SpatiallyLoaded:1 Bounds:IsValid=true, Min=(X=1341.057 Y=4076.458 Z=0.574), Max=(X=1490.290 Y=4237.863 Z=9.228) RuntimeGrid:None EditorOnly:0 RuntimeOnly:0 HLODRelevant:1
 |   |   |- [+] [ 28]
 |   |   |   |- Guid:43905AF849469BC9AF406E95800ED46A BaseClass: NativeClass:/Script/Engine.StaticMeshActor Name:StaticMeshActor_UAID_B42E99913DA474BB01_1174723049 Label:SM_Pebbles_Scattered_Stone2 SpatiallyLoaded:1 Bounds:IsValid=true, Min=(X=771.847 Y=3724.433 Z=-1.237), Max=(X=994.424 Y=3928.956 Z=5.692) RuntimeGrid:None EditorOnly:0 RuntimeOnly:0 HLODRelevant:1
 |   |   |- [+] [ 29]
 |   |   |   |- Guid:96CAA0AC400B1122FE5793A534C49738 BaseClass: NativeClass:/Script/Engine.StaticMeshActor Name:StaticMeshActor_UAID_B42E99913DA474BB01_1189827050 Label:SM_Vines_Large_03 SpatiallyLoaded:1 Bounds:IsValid=true, Min=(X=542.803 Y=3956.801 Z=-29.143), Max=(X=630.349 Y=4593.039 Z=416.699) RuntimeGrid:None EditorOnly:0 RuntimeOnly:0 HLODRelevant:1
 |   |   |- [+] [ 30]
 |   |   |   |- Guid:FE4AD98E4A2E6CF5E122D1A0E2D3D587 BaseClass: NativeClass:/Script/Engine.StaticMeshActor Name:StaticMeshActor_UAID_B42E99913DA474BB01_1199294051 Label:SM_Vines_Large_4 SpatiallyLoaded:1 Bounds:IsValid=true, Min=(X=438.830 Y=3386.079 Z=-29.143), Max=(X=635.527 Y=4027.854 Z=416.699) RuntimeGrid:None EditorOnly:0 RuntimeOnly:0 HLODRelevant:1
 |   |   |- [+] [ 31]
 |   |   |   |- Guid:F7E24B1F42E37AB0F436A39E50778337 BaseClass: NativeClass:/Script/Engine.StaticMeshActor Name:StaticMeshActor_UAID_B42E99913DA474BB01_1210131052 Label:SM_Weed_01 SpatiallyLoaded:1 Bounds:IsValid=true, Min=(X=574.449 Y=3577.445 Z=-1.595), Max=(X=656.144 Y=3659.682 Z=134.749) RuntimeGrid:None EditorOnly:0 RuntimeOnly:0 HLODRelevant:1
 |   |   |- [+] [ 32]
 |   |   |   |- Guid:E38C84FF4341B1B2233A7F9F6A03692C BaseClass: NativeClass:/Script/Engine.StaticMeshActor Name:StaticMeshActor_UAID_B42E99913DA474BB01_1262762053 Label:SM_HazelBush_01_WIP SpatiallyLoaded:1 Bounds:IsValid=true, Min=(X=1519.081 Y=3989.245 Z=-5.190), Max=(X=1968.120 Y=4422.531 Z=543.211) RuntimeGrid:None EditorOnly:0 RuntimeOnly:0 HLODRelevant:1
 |   |   |- [+] [ 33]
 |   |   |   |- Guid:D4BBD51A4159B5162BCD7C9B87DC722B BaseClass: NativeClass:/Script/Engine.StaticMeshActor Name:StaticMeshActor_UAID_B42E99913DA474BB01_1285273054 Label:SM_Fence_02 SpatiallyLoaded:1 Bounds:IsValid=true, Min=(X=582.299 Y=4571.221 Z=-3.904), Max=(X=905.690 Y=4588.778 Z=119.302) RuntimeGrid:None EditorOnly:0 RuntimeOnly:0 HLODRelevant:1
 |   |   |- [+] [ 34]
 |   |   |   |- Guid:7FD97E3540442A80B5D4168A85AEE593 BaseClass: NativeClass:/Script/Engine.StaticMeshActor Name:StaticMeshActor_UAID_B42E99913DA474BB01_1303722056 Label:SM_Fence_04 SpatiallyLoaded:1 Bounds:IsValid=true, Min=(X=904.070 Y=4571.543 Z=-3.904), Max=(X=1226.636 Y=4589.100 Z=119.303) RuntimeGrid:None EditorOnly:0 RuntimeOnly:0 HLODRelevant:1
 |   |   |- [+] [ 35]
 |   |   |   |- Guid:254748D04660851EB3B2559DF9F3C406 BaseClass: NativeClass:/Script/Engine.StaticMeshActor Name:StaticMeshActor_UAID_B42E99913DA474BB01_1313889057 Label:SM_Fence_5 SpatiallyLoaded:1 Bounds:IsValid=true, Min=(X=1224.070 Y=4571.543 Z=-3.904), Max=(X=1546.636 Y=4589.100 Z=119.303) RuntimeGrid:None EditorOnly:0 RuntimeOnly:0 HLODRelevant:1
 |   |   |- [+] [ 36]
 |   |   |   |- Guid:ACEF8B8D43B3F5D6EB08D6943900295B BaseClass: NativeClass:/Script/Engine.StaticMeshActor Name:StaticMeshActor_UAID_B42E99913DA474BB01_1315937058 Label:SM_Fence_6 SpatiallyLoaded:1 Bounds:IsValid=true, Min=(X=1544.070 Y=4571.543 Z=-3.904), Max=(X=1866.636 Y=4589.100 Z=119.303) RuntimeGrid:None EditorOnly:0 RuntimeOnly:0 HLODRelevant:1
 |   |   |- [+] [ 37]
 |   |   |   |- Guid:D614294443C29F1C5CB97FB63E8B99DA BaseClass: NativeClass:/Script/Engine.StaticMeshActor Name:StaticMeshActor_UAID_B42E99913DA474BB01_1326799059 Label:SM_Fence_03 SpatiallyLoaded:1 Bounds:IsValid=true, Min=(X=1843.640 Y=4566.616 Z=-4.161), Max=(X=2166.441 Y=4584.173 Z=119.046) RuntimeGrid:None EditorOnly:0 RuntimeOnly:0 HLODRelevant:1
 |   |   |- [+] [ 38]
 |   |   |   |- Guid:E601B5614B5E08F3BC0E22AC7C609795 BaseClass: NativeClass:/Script/Engine.StaticMeshActor Name:StaticMeshActor_UAID_B42E99913DA474BB01_1379118061 Label:SM_Bridge_01 SpatiallyLoaded:1 Bounds:IsValid=true, Min=(X=984.922 Y=-441.532 Z=-11.320), Max=(X=2035.853 Y=-33.524 Z=1141.104) RuntimeGrid:None EditorOnly:0 RuntimeOnly:0 HLODRelevant:1
 |   |   |- [+] [ 39]
 |   |   |   |- Guid:9C7FE0B94CC3EEC6A07335A342157378 BaseClass: NativeClass:/Script/Engine.StaticMeshActor Name:StaticMeshActor_UAID_B42E99913DA474BB01_1406901062 Label:SM_Bridge_2 SpatiallyLoaded:1 Bounds:IsValid=true, Min=(X=2034.922 Y=-445.282 Z=-11.320), Max=(X=3085.853 Y=-37.274 Z=1141.104) RuntimeGrid:None EditorOnly:0 RuntimeOnly:0 HLODRelevant:1
 |   |   |- [+] [ 40]
 |   |   |   |- Guid:465843C0473F7CCA222E289F8D1820CB BaseClass: NativeClass:/Script/Engine.StaticMeshActor Name:StaticMeshActor_UAID_B42E99913DA474BB01_1449224063 Label:SM_Tower_BaseDoor SpatiallyLoaded:1 Bounds:IsValid=true, Min=(X=-528.241 Y=-1003.241 Z=1.925), Max=(X=1008.241 Y=542.896 Z=1015.324) RuntimeGrid:None EditorOnly:0 RuntimeOnly:0 HLODRelevant:1
 |   |   |- [+] [ 41]
 |   |   |   |- Guid:2770974643B937572A07D4925F3C7860 BaseClass: NativeClass:/Script/Engine.StaticMeshActor Name:StaticMeshActor_UAID_B42E99913DA474BB01_1515531066 Label:SM_Tower_BaseDoor2 SpatiallyLoaded:1 Bounds:IsValid=true, Min=(X=-528.241 Y=-1003.241 Z=1006.925), Max=(X=1017.896 Y=533.241 Z=2020.324) RuntimeGrid:None EditorOnly:0 RuntimeOnly:0 HLODRelevant:1
 |   |   |- [+] [ 42]
 |   |   |   |- Guid:55A58E324DA6FB7F73CEFF87319B84E1 BaseClass: NativeClass:/Script/Engine.StaticMeshActor Name:StaticMeshActor_UAID_B42E99913DA474BB01_1552679067 Label:SM_Door_Base SpatiallyLoaded:1 Bounds:IsValid=true, Min=(X=957.278 Y=-354.977 Z=1052.842), Max=(X=1006.571 Y=-116.952 Z=1369.486) RuntimeGrid:None EditorOnly:0 RuntimeOnly:0 HLODRelevant:1
 |   |   |- [+] [ 43]
 |   |   |   |- Guid:708CEB6E4A4E3048F2E60AAD74C8E0D6 BaseClass: NativeClass:/Script/Engine.StaticMeshActor Name:StaticMeshActor_UAID_B42E99913DA474BB01_1574749068 Label:SM_Bridge_03 SpatiallyLoaded:1 Bounds:IsValid=true, Min=(X=3084.147 Y=-442.726 Z=-6.320), Max=(X=4135.078 Y=-34.718 Z=1146.104) RuntimeGrid:None EditorOnly:0 RuntimeOnly:0 HLODRelevant:1
 |   |   |- [+] [ 44]
 |   |   |   |- Guid:BC9E93E34607684BA0B3758396991E32 BaseClass: NativeClass:/Script/Engine.StaticMeshActor Name:StaticMeshActor_UAID_B42E99913DA474BB01_1600635069 Label:SM_RockMedium_3 SpatiallyLoaded:1 Bounds:IsValid=true, Min=(X=1582.842 Y=3007.309 Z=-271.691), Max=(X=2642.798 Y=4282.781 Z=361.371) RuntimeGrid:None EditorOnly:0 RuntimeOnly:0 HLODRelevant:1
 |   |   |- [+] [ 45]
 |   |   |   |- Guid:F6550C344C2A408B29CE96976DDB526D BaseClass: NativeClass:/Script/Engine.StaticMeshActor Name:StaticMeshActor_UAID_B42E99913DA474BB01_1646863071 Label:SM_Grass_Large SpatiallyLoaded:1 Bounds:IsValid=true, Min=(X=858.457 Y=3974.417 Z=-1.748), Max=(X=1122.643 Y=4192.252 Z=115.488) RuntimeGrid:None EditorOnly:0 RuntimeOnly:0 HLODRelevant:1
 |   |   |- [+] [ 46]
 |   |   |   |- Guid:FC4C03E84AACEBC449DDEF9F5D60823A BaseClass: NativeClass:/Script/Engine.StaticMeshActor Name:StaticMeshActor_UAID_B42E99913DA474BB01_1651178072 Label:SM_Grass_Medium SpatiallyLoaded:1 Bounds:IsValid=true, Min=(X=1141.260 Y=3866.630 Z=-1.956), Max=(X=1297.006 Y=4010.933 Z=72.190) RuntimeGrid:None EditorOnly:0 RuntimeOnly:0 HLODRelevant:1
 |   |   |- [+] [ 47]
 |   |   |   |- Guid:B1BF656D4C333024F3C26F9207E2DD58 BaseClass: NativeClass:/Script/Engine.StaticMeshActor Name:StaticMeshActor_UAID_B42E99913DA474BB01_1652314073 Label:SM_Grass_Scattered SpatiallyLoaded:1 Bounds:IsValid=true, Min=(X=953.760 Y=3687.762 Z=-2.926), Max=(X=1060.830 Y=3793.437 Z=40.404) RuntimeGrid:None EditorOnly:0 RuntimeOnly:0 HLODRelevant:1
 |- ContainerInstances:
 |- [+] MainContainer:
 |   |-        ID: 0x0000000000000000
 |   |-    Bounds: IsValid=false, Min=(X=0.000 Y=0.000 Z=0.000), Max=(X=0.000 Y=0.000 Z=0.000)
 |   |- Transform: 0.000000,0.000000,0.000000|0.000000,0.000000,-0.000000|1.000000,1.000000,1.000000
 |   |- Container: /Game/FirstPerson/Maps/AssetsLevel
----------------------------------------------------------------------------------------------------------------
AssetsLevel - Persistent Level
----------------------------------------------------------------------------------------------------------------
Always loaded Actor Count: 137 

----------------------------------------------------------------------------------------------------------------
AssetsLevel - Runtime Spatial Hash - Streaming Grid - MainGrid
----------------------------------------------------------------------------------------------------------------
            Origin: X=0.000 Y=0.000 Z=0.000
         Cell Size: 12800
      World Bounds: IsValid=false, Min=(X=0.000 Y=0.000 Z=0.000), Max=(X=0.000 Y=0.000 Z=0.000)
     Loading Range: 25600.00
Block Slow Loading: No
 ClientOnlyVisible: No

[+] Grid Levels: 1
 |- Level  0: Cell Count    0 | Cell Size   12800 | Actor Count    0 (0.0%)

[+] Content of Grid Level 0

