[+] Containers:
 |- [+] Container: /Game/FirstPerson/Maps/AssetsLevel
 |   |- [+] ActorDescs:
 |   |   |- Guid:0CA5A99B4B46818BC524EB9E7CC3074D BaseClass: NativeClass:/Script/Engine.StaticMeshActor Name:StaticMeshActor_UAID_B42E99913DA476BB01_1876377406 Label:SM_Tree_C_01 SpatiallyLoaded:1 Bounds:IsValid=true, Min=(X=-3338.638 Y=761.869 Z=58.683), Max=(X=-1356.893 Y=2712.525 Z=1731.626) RuntimeGrid:None EditorOnly:0 RuntimeOnly:0 HLODRelevant:1
 |   |   |- Guid:138E326247EFA9499274C58EAE09327B BaseClass: NativeClass:/Script/Engine.StaticMeshActor Name:StaticMeshActor_UAID_B42E99913DA475BB01_1437505223 Label:CubeGridToolOutput3 SpatiallyLoaded:1 Bounds:IsValid=true, Min=(X=-4500.000 Y=4600.000 Z=-600.000), Max=(X=-2100.000 Y=6200.000 Z=100.000) RuntimeGrid:None EditorOnly:0 RuntimeOnly:0 HLODRelevant:0
 |   |   |- Guid:16BF09CD46D442B539CDA0B3F9B58CE5 BaseClass: NativeClass:/Script/Engine.StaticMeshActor Name:StaticMeshActor_UAID_B42E99913DA475BB01_2010633244 Label:SM_Vines_Large_5 SpatiallyLoaded:1 Bounds:IsValid=true, Min=(X=-549.534 Y=3234.362 Z=347.893), Max=(X=-219.145 Y=3491.780 Z=714.176) RuntimeGrid:None EditorOnly:0 RuntimeOnly:0 HLODRelevant:1
 |   |   |- Guid:254748D04660851EB3B2559DF9F3C406 BaseClass: NativeClass:/Script/Engine.StaticMeshActor Name:StaticMeshActor_UAID_B42E99913DA474BB01_1313889057 Label:SM_Fence_5 SpatiallyLoaded:1 Bounds:IsValid=true, Min=(X=1224.070 Y=4571.543 Z=101.096), Max=(X=1546.636 Y=4589.100 Z=224.303) RuntimeGrid:None EditorOnly:0 RuntimeOnly:0 HLODRelevant:1
 |   |   |- Guid:25DE7D6548A30C48721C85B5A7CFC024 BaseClass: NativeClass:/Script/Engine.StaticMeshActor Name:StaticMeshActor_UAID_B42E99913DA461BB01_1560352713 Label:SM_Pebbles_Scattered_Stone SpatiallyLoaded:1 Bounds:IsValid=true, Min=(X=701.847 Y=2149.433 Z=-1.237), Max=(X=924.424 Y=2353.956 Z=5.692) RuntimeGrid:None EditorOnly:0 RuntimeOnly:0 HLODRelevant:1
 |   |   |- Guid:2770974643B937572A07D4925F3C7860 BaseClass: NativeClass:/Script/Engine.StaticMeshActor Name:StaticMeshActor_UAID_B42E99913DA474BB01_1515531066 Label:SM_Tower_BaseDoor2 SpatiallyLoaded:1 Bounds:IsValid=true, Min=(X=-528.241 Y=-1003.241 Z=1006.925), Max=(X=1017.896 Y=533.241 Z=2020.324) RuntimeGrid:None EditorOnly:0 RuntimeOnly:0 HLODRelevant:1
 |   |   |- Guid:291160DD44771C8DAFE755B45F1E17C2 BaseClass: NativeClass:/Script/Engine.StaticMeshActor Name:StaticMeshActor_UAID_B42E99913DA476BB01_1887491407 Label:SM_Tree_A_03 SpatiallyLoaded:1 Bounds:IsValid=true, Min=(X=-1124.407 Y=765.477 Z=99.987), Max=(X=-413.999 Y=1510.959 Z=1422.577) RuntimeGrid:None EditorOnly:0 RuntimeOnly:0 HLODRelevant:1
 |   |   |- Guid:29FB1CFB420C8CCBE151D1BC3BE78971 BaseClass: NativeClass:/Script/Engine.StaticMeshActor Name:StaticMeshActor_UAID_B42E99913DA475BB01_1624859230 Label:SM_Cliff_2 SpatiallyLoaded:1 Bounds:IsValid=true, Min=(X=-5431.933 Y=4132.891 Z=-335.155), Max=(X=-3527.749 Y=6052.052 Z=545.293) RuntimeGrid:None EditorOnly:0 RuntimeOnly:0 HLODRelevant:1
 |   |   |- Guid:2CC5647B4C0331307C14BE9519434055 BaseClass: NativeClass:/Script/Engine.StaticMeshActor Name:StaticMeshActor_UAID_B42E99913DA474BB01_1727327076 Label:CubeGridToolOutput SpatiallyLoaded:1 Bounds:IsValid=true, Min=(X=-3900.000 Y=600.000 Z=-0.000), Max=(X=2500.000 Y=4700.000 Z=100.000) RuntimeGrid:None EditorOnly:0 RuntimeOnly:0 HLODRelevant:0
 |   |   |- Guid:2CD9245B48FF8100D7C4A3A7F702A75D BaseClass: NativeClass:/Script/Engine.StaticMeshActor Name:StaticMeshActor_UAID_B42E99913DA476BB01_1135602399 Label:SM_FlowerField_4 SpatiallyLoaded:1 Bounds:IsValid=true, Min=(X=-3662.882 Y=4874.415 Z=109.302), Max=(X=-2945.944 Y=5516.334 Z=154.242) RuntimeGrid:None EditorOnly:0 RuntimeOnly:0 HLODRelevant:1
 |   |   |- Guid:3674FC204815AA519DC7CFA2F8C36AFB BaseClass: NativeClass:/Script/Engine.StaticMeshActor Name:StaticMeshActor_UAID_B42E99913DA461BB01_1561563714 Label:SM_Pebbles_Dense_Stone SpatiallyLoaded:1 Bounds:IsValid=true, Min=(X=866.057 Y=2036.458 Z=0.574), Max=(X=1015.290 Y=2197.863 Z=9.228) RuntimeGrid:None EditorOnly:0 RuntimeOnly:0 HLODRelevant:1
 |   |   |- Guid:3C110524401F8E640960E7A6F4EC7486 BaseClass: NativeClass:/Script/Engine.StaticMeshActor Name:StaticMeshActor_UAID_B42E99913DA461BB01_1700034730 Label:SM_Tree_C_02_WIP SpatiallyLoaded:1 Bounds:IsValid=true, Min=(X=913.248 Y=2638.777 Z=-37.835), Max=(X=2327.375 Y=4099.635 Z=1552.831) RuntimeGrid:None EditorOnly:0 RuntimeOnly:0 HLODRelevant:1
 |   |   |- Guid:3CD4EC7D407BCBDD00A1D2975DB19FF0 BaseClass: NativeClass:/Script/Engine.StaticMeshActor Name:StaticMeshActor_UAID_B42E99913DA474BB01_1985289077 Label:CubeGridToolOutput2 SpatiallyLoaded:1 Bounds:IsValid=true, Min=(X=-3800.000 Y=3100.000 Z=-600.000), Max=(X=-700.000 Y=5600.000 Z=100.000) RuntimeGrid:None EditorOnly:0 RuntimeOnly:0 HLODRelevant:0
 |   |   |- Guid:3E0C49B4483C3E7AEA9523A81399305A BaseClass: NativeClass:/Script/Engine.SkyLight Name:SkyLight_0 Label:SkyLight SpatiallyLoaded:0 Bounds:IsValid=true, Min=(X=0.000 Y=0.000 Z=690.000), Max=(X=0.000 Y=0.000 Z=690.000) RuntimeGrid:None EditorOnly:0 RuntimeOnly:0 HLODRelevant:0 FolderPath:Lighting FolderGuid:0BA5F0A04EADB18E70D5B180D08FA34B
 |   |   |- Guid:43905AF849469BC9AF406E95800ED46A BaseClass: NativeClass:/Script/Engine.StaticMeshActor Name:StaticMeshActor_UAID_B42E99913DA474BB01_1174723049 Label:SM_Pebbles_Scattered_Stone2 SpatiallyLoaded:1 Bounds:IsValid=true, Min=(X=771.847 Y=3724.433 Z=-1.237), Max=(X=994.424 Y=3928.956 Z=5.692) RuntimeGrid:None EditorOnly:0 RuntimeOnly:0 HLODRelevant:1
 |   |   |- Guid:460340504ADBF74457FD818D886BE59E BaseClass: NativeClass:/Script/Engine.StaticMeshActor Name:StaticMeshActor_UAID_B42E99913DA475BB01_1878352235 Label:SM_RoofTIles SpatiallyLoaded:1 Bounds:IsValid=true, Min=(X=-740.683 Y=-1228.635 Z=2749.589), Max=(X=1216.005 Y=727.838 Z=5120.304) RuntimeGrid:None EditorOnly:0 RuntimeOnly:0 HLODRelevant:1
 |   |   |- Guid:465843C0473F7CCA222E289F8D1820CB BaseClass: NativeClass:/Script/Engine.StaticMeshActor Name:StaticMeshActor_UAID_B42E99913DA474BB01_1449224063 Label:SM_Tower_BaseDoor SpatiallyLoaded:1 Bounds:IsValid=true, Min=(X=-528.241 Y=-1003.241 Z=1.925), Max=(X=1008.241 Y=542.896 Z=1015.324) RuntimeGrid:None EditorOnly:0 RuntimeOnly:0 HLODRelevant:1
 |   |   |- Guid:469FC24A49166FA5D63877ADE5B39165 BaseClass: NativeClass:/Script/Engine.SkyAtmosphere Name:SkyAtmosphere_0 Label:SkyAtmosphere SpatiallyLoaded:0 Bounds:IsValid=true, Min=(X=0.000 Y=0.000 Z=1020.000), Max=(X=0.000 Y=0.000 Z=1020.000) RuntimeGrid:None EditorOnly:0 RuntimeOnly:0 HLODRelevant:0 FolderPath:Lighting FolderGuid:0BA5F0A04EADB18E70D5B180D08FA34B
 |   |   |- Guid:489CC07E4D5969DAE01D13AD410E8FE8 BaseClass: NativeClass:/Script/Engine.StaticMeshActor Name:StaticMeshActor_UAID_B42E99913DA476BB01_2035649410 Label:SM_FloorWood_02 SpatiallyLoaded:1 Bounds:IsValid=true, Min=(X=-441.664 Y=-866.664 Z=-6.290), Max=(X=941.664 Y=516.664 Z=33.885) RuntimeGrid:None EditorOnly:0 RuntimeOnly:0 HLODRelevant:1
 |   |   |- Guid:517CFFAF4C137328444443B50BC31257 BaseClass: NativeClass:/Script/Engine.StaticMeshActor Name:StaticMeshActor_UAID_B42E99913DA461BB01_1533879710 Label:SM_Candelabra_Frame SpatiallyLoaded:1 Bounds:IsValid=true, Min=(X=556.081 Y=117.060 Z=34.998), Max=(X=1138.264 Y=678.399 Z=607.841) RuntimeGrid:None EditorOnly:0 RuntimeOnly:0 HLODRelevant:1
 |   |   |- Guid:528DFA384DE33C44B1BA67B90D0BDDDB BaseClass: NativeClass:/Script/Engine.StaticMeshActor Name:StaticMeshActor_UAID_B42E99913DA475BB01_1565478229 Label:SM_Cliff_9 SpatiallyLoaded:1 Bounds:IsValid=true, Min=(X=-3966.826 Y=5306.763 Z=39.490), Max=(X=-3259.566 Y=5995.190 Z=178.148) RuntimeGrid:None EditorOnly:0 RuntimeOnly:0 HLODRelevant:1
 |   |   |- Guid:5504A47F40F9325D93F7B5B739B2E2B3 BaseClass: NativeClass:/Script/Engine.StaticMeshActor Name:StaticMeshActor_UAID_B42E99913DA476BB01_1515422402 Label:SM_RockLarge_01 SpatiallyLoaded:1 Bounds:IsValid=true, Min=(X=-1896.258 Y=4794.386 Z=-860.845), Max=(X=-764.799 Y=5831.386 Z=111.153) RuntimeGrid:None EditorOnly:0 RuntimeOnly:0 HLODRelevant:1
 |   |   |- Guid:55A58E324DA6FB7F73CEFF87319B84E1 BaseClass: NativeClass:/Script/Engine.StaticMeshActor Name:StaticMeshActor_UAID_B42E99913DA474BB01_1552679067 Label:SM_Door_Base SpatiallyLoaded:1 Bounds:IsValid=true, Min=(X=957.278 Y=-354.977 Z=1052.842), Max=(X=1006.571 Y=-116.952 Z=1369.486) RuntimeGrid:None EditorOnly:0 RuntimeOnly:0 HLODRelevant:1
 |   |   |- Guid:65B4FDF9499D631FADF22F9C0E137020 BaseClass: NativeClass:/Script/Engine.StaticMeshActor Name:StaticMeshActor_UAID_B42E99913DA461BB01_1444122708 Label:SM_BookStand SpatiallyLoaded:1 Bounds:IsValid=true, Min=(X=544.246 Y=249.327 Z=-6.892), Max=(X=713.503 Y=410.027 Z=217.129) RuntimeGrid:None EditorOnly:0 RuntimeOnly:0 HLODRelevant:1
 |   |   |- Guid:6B9DB0004AAF229386EB76826B5F84B4 BaseClass: NativeClass:/Script/Engine.StaticMeshActor Name:StaticMeshActor_UAID_B42E99913DA474BB01_1173329048 Label:SM_Pebbles_Dense_Stone2 SpatiallyLoaded:1 Bounds:IsValid=true, Min=(X=1341.057 Y=4076.458 Z=0.574), Max=(X=1490.290 Y=4237.863 Z=9.228) RuntimeGrid:None EditorOnly:0 RuntimeOnly:0 HLODRelevant:1
 |   |   |- Guid:6FACA44D4A961E5F2832B19B86491422 BaseClass: NativeClass:/Script/Engine.StaticMeshActor Name:StaticMeshActor_UAID_B42E99913DA474BB01_1996488078 Label:SM_RockLarge_02 SpatiallyLoaded:1 Bounds:IsValid=true, Min=(X=-1597.846 Y=3034.539 Z=-298.423), Max=(X=451.110 Y=5054.902 Z=925.495) RuntimeGrid:None EditorOnly:0 RuntimeOnly:0 HLODRelevant:1
 |   |   |- Guid:708CEB6E4A4E3048F2E60AAD74C8E0D6 BaseClass: NativeClass:/Script/Engine.StaticMeshActor Name:StaticMeshActor_UAID_B42E99913DA474BB01_1574749068 Label:SM_Bridge_03 SpatiallyLoaded:1 Bounds:IsValid=true, Min=(X=3084.147 Y=-442.726 Z=-6.320), Max=(X=4135.078 Y=-34.718 Z=1146.104) RuntimeGrid:None EditorOnly:0 RuntimeOnly:0 HLODRelevant:1
 |   |   |- Guid:73AF06AC41ACD66612ED33BBED5980D1 BaseClass: NativeClass:/Script/Engine.StaticMeshActor Name:StaticMeshActor_UAID_B42E99913DA475BB01_1680401231 Label:SM_RockLarge_6 SpatiallyLoaded:1 Bounds:IsValid=true, Min=(X=-1194.179 Y=4432.194 Z=-1675.980), Max=(X=-120.729 Y=5267.421 Z=1368.374) RuntimeGrid:None EditorOnly:0 RuntimeOnly:0 HLODRelevant:1
 |   |   |- Guid:759DE515469FD163F40A428D2EBBE36C BaseClass: NativeClass:/Script/Engine.StaticMeshActor Name:StaticMeshActor_UAID_B42E99913DA475BB01_2120693262 Label:SM_FlowerField_2 SpatiallyLoaded:1 Bounds:IsValid=true, Min=(X=-1096.062 Y=2429.932 Z=109.302), Max=(X=-341.513 Y=3169.011 Z=154.242) RuntimeGrid:None EditorOnly:0 RuntimeOnly:0 HLODRelevant:1
 |   |   |- Guid:77585AF143010479E6BD0D9EC0BBB3FE BaseClass: NativeClass:/Script/Engine.StaticMeshActor Name:StaticMeshActor_UAID_B42E99913DA475BB01_1114041260 Label:SM_Vines_Wide_02 SpatiallyLoaded:1 Bounds:IsValid=true, Min=(X=-95.964 Y=3339.706 Z=90.221), Max=(X=461.166 Y=3626.947 Z=453.471) RuntimeGrid:None EditorOnly:0 RuntimeOnly:0 HLODRelevant:1
 |   |   |- Guid:7D80D2F84CFD8CB8669CE2BB054A9A33 BaseClass: NativeClass:/Script/Engine.StaticMeshActor Name:StaticMeshActor_UAID_B42E99913DA474BB01_2061699080 Label:SM_RockLarge_4 SpatiallyLoaded:1 Bounds:IsValid=true, Min=(X=-2969.994 Y=4956.003 Z=-579.151), Max=(X=-288.629 Y=6857.825 Z=1089.719) RuntimeGrid:None EditorOnly:0 RuntimeOnly:0 HLODRelevant:1
 |   |   |- Guid:7FD97E3540442A80B5D4168A85AEE593 BaseClass: NativeClass:/Script/Engine.StaticMeshActor Name:StaticMeshActor_UAID_B42E99913DA474BB01_1303722056 Label:SM_Fence_04 SpatiallyLoaded:1 Bounds:IsValid=true, Min=(X=904.070 Y=4571.543 Z=101.096), Max=(X=1226.636 Y=4589.100 Z=224.303) RuntimeGrid:None EditorOnly:0 RuntimeOnly:0 HLODRelevant:1
 |   |   |- Guid:89B947BA4C320200B30947ABBEF523D5 BaseClass: NativeClass:/Script/Engine.StaticMeshActor Name:StaticMeshActor_UAID_B42E99913DA475BB01_1870169234 Label:SM_Tower_BaseDoor3 SpatiallyLoaded:1 Bounds:IsValid=true, Min=(X=-528.241 Y=-1012.896 Z=2006.925), Max=(X=1008.241 Y=533.241 Z=3020.324) RuntimeGrid:None EditorOnly:0 RuntimeOnly:0 HLODRelevant:1
 |   |   |- Guid:96CAA0AC400B1122FE5793A534C49738 BaseClass: NativeClass:/Script/Engine.StaticMeshActor Name:StaticMeshActor_UAID_B42E99913DA474BB01_1189827050 Label:SM_Vines_Large_03 SpatiallyLoaded:1 Bounds:IsValid=true, Min=(X=542.803 Y=3956.801 Z=-29.143), Max=(X=630.349 Y=4593.039 Z=416.699) RuntimeGrid:None EditorOnly:0 RuntimeOnly:0 HLODRelevant:1
 |   |   |- Guid:98BA4E1546BD7BAC45172A9229E9DFE0 BaseClass: NativeClass:/Script/Engine.StaticMeshActor Name:StaticMeshActor_UAID_B42E99913DA475BB01_1491267225 Label:SM_RockLarge_5 SpatiallyLoaded:1 Bounds:IsValid=true, Min=(X=-3438.573 Y=5688.175 Z=-21.191), Max=(X=-2091.325 Y=6948.228 Z=647.082) RuntimeGrid:None EditorOnly:0 RuntimeOnly:0 HLODRelevant:1
 |   |   |- Guid:9C13DDB24AD937B133B344900784B66F BaseClass: NativeClass:/Script/Engine.WorldDataLayers Name:WorldDataLayers Label:WorldDataLayers SpatiallyLoaded:0 Bounds:IsValid=true, Min=(X=0.000 Y=0.000 Z=0.000), Max=(X=0.000 Y=0.000 Z=0.000) RuntimeGrid:None EditorOnly:0 RuntimeOnly:0 HLODRelevant:0
 |   |   |- Guid:9C21270B416882636A345A81F515405F BaseClass: NativeClass:/Script/Engine.PointLight Name:PointLight_UAID_B42E99913DA476BB01_2042251411 Label:PointLight SpatiallyLoaded:1 Bounds:IsValid=true, Min=(X=-830.080 Y=-1205.000 Z=-555.000), Max=(X=1169.920 Y=795.000 Z=1445.000) RuntimeGrid:None EditorOnly:0 RuntimeOnly:0 HLODRelevant:0
 |   |   |- Guid:9C7FE0B94CC3EEC6A07335A342157378 BaseClass: NativeClass:/Script/Engine.StaticMeshActor Name:StaticMeshActor_UAID_B42E99913DA474BB01_1406901062 Label:SM_Bridge_2 SpatiallyLoaded:1 Bounds:IsValid=true, Min=(X=2034.922 Y=-445.282 Z=-11.320), Max=(X=3085.853 Y=-37.274 Z=1141.104) RuntimeGrid:None EditorOnly:0 RuntimeOnly:0 HLODRelevant:1
 |   |   |- Guid:9D63363147A2B26B52EEB493E6D01F8E BaseClass: NativeClass:/Script/Engine.StaticMeshActor Name:StaticMeshActor_UAID_B42E99913DA474BB01_2146321081 Label:SM_Tree_A_01 SpatiallyLoaded:1 Bounds:IsValid=true, Min=(X=-1619.499 Y=2477.304 Z=82.036), Max=(X=-1068.479 Y=3021.005 Z=1238.200) RuntimeGrid:None EditorOnly:0 RuntimeOnly:0 HLODRelevant:1
 |   |   |- Guid:A0729A00455023DB64BDB49380BDDDAF BaseClass: NativeClass:/Script/Engine.StaticMeshActor Name:StaticMeshActor_UAID_B42E99913DA461BB01_1622738718 Label:SM_Cliff_08 SpatiallyLoaded:1 Bounds:IsValid=true, Min=(X=1398.358 Y=3708.671 Z=-2.014), Max=(X=1575.173 Y=3880.778 Z=32.650) RuntimeGrid:None EditorOnly:0 RuntimeOnly:0 HLODRelevant:1
 |   |   |- Guid:A42F102649722723D1972087FC8D7DEC BaseClass: NativeClass:/Script/Engine.StaticMeshActor Name:StaticMeshActor_UAID_B42E99913DA476BB01_1146381400 Label:SM_FlowerField_5 SpatiallyLoaded:1 Bounds:IsValid=true, Min=(X=-3955.570 Y=4821.035 Z=109.302), Max=(X=-3488.235 Y=5413.888 Z=154.242) RuntimeGrid:None EditorOnly:0 RuntimeOnly:0 HLODRelevant:1
 |   |   |- Guid:A7DB9FAC490C92CC2371849B52C79001 BaseClass: NativeClass:/Script/Engine.StaticMeshActor Name:StaticMeshActor_UAID_B42E99913DA475BB01_1077402258 Label:SM_Bush_01_WIP SpatiallyLoaded:1 Bounds:IsValid=true, Min=(X=-1394.849 Y=2555.397 Z=70.053), Max=(X=-869.503 Y=3098.001 Z=419.352) RuntimeGrid:None EditorOnly:0 RuntimeOnly:0 HLODRelevant:1
 |   |   |- Guid:A8A97FB143D054705A4BFC8E468409F2 BaseClass: NativeClass:/Script/Engine.StaticMeshActor Name:StaticMeshActor_UAID_B42E99913DA475BB01_2104240261 Label:SM_FlowerField_01 SpatiallyLoaded:1 Bounds:IsValid=true, Min=(X=-800.068 Y=2696.513 Z=109.302), Max=(X=-60.989 Y=3451.062 Z=154.242) RuntimeGrid:None EditorOnly:0 RuntimeOnly:0 HLODRelevant:1
 |   |   |- Guid:A8F84C6A4663D635F83B33A48D152FCB BaseClass: NativeClass:/Script/Engine.PostProcessVolume Name:PostProcessVolume_0 Label:PostProcessVolume SpatiallyLoaded:0 Bounds:IsValid=true, Min=(X=0.000 Y=0.000 Z=400.000), Max=(X=200.000 Y=200.000 Z=600.000) RuntimeGrid:None EditorOnly:0 RuntimeOnly:0 HLODRelevant:0 FolderPath:Lighting FolderGuid:0BA5F0A04EADB18E70D5B180D08FA34B
 |   |   |- Guid:ACEF8B8D43B3F5D6EB08D6943900295B BaseClass: NativeClass:/Script/Engine.StaticMeshActor Name:StaticMeshActor_UAID_B42E99913DA474BB01_1315937058 Label:SM_Fence_6 SpatiallyLoaded:1 Bounds:IsValid=true, Min=(X=1544.070 Y=4571.543 Z=101.096), Max=(X=1866.636 Y=4589.100 Z=224.303) RuntimeGrid:None EditorOnly:0 RuntimeOnly:0 HLODRelevant:1
 |   |   |- Guid:AFABE64F439B47808028A39D055833A6 BaseClass: NativeClass:/Script/Engine.StaticMeshActor Name:StaticMeshActor_UAID_B42E99913DA461BB01_1563994715 Label:SM_RockMedium_02 SpatiallyLoaded:1 Bounds:IsValid=true, Min=(X=1792.219 Y=3767.842 Z=-271.691), Max=(X=3067.691 Y=4827.798 Z=361.371) RuntimeGrid:None EditorOnly:0 RuntimeOnly:0 HLODRelevant:1
 |   |   |- Guid:B565FBCB45D5ACA1005C57A811AFBC88 BaseClass: NativeClass:/Script/Engine.PlayerStart Name:PlayerStart_0 Label:PlayerStart SpatiallyLoaded:0 Bounds:IsValid=true, Min=(X=1015.000 Y=4395.000 Z=110.013), Max=(X=1095.000 Y=4475.000 Z=294.013) RuntimeGrid:None EditorOnly:0 RuntimeOnly:0 HLODRelevant:0
 |   |   |- Guid:BC9E93E34607684BA0B3758396991E32 BaseClass: NativeClass:/Script/Engine.StaticMeshActor Name:StaticMeshActor_UAID_B42E99913DA474BB01_1600635069 Label:SM_RockMedium_3 SpatiallyLoaded:1 Bounds:IsValid=true, Min=(X=1582.842 Y=3007.309 Z=-271.691), Max=(X=2642.798 Y=4282.781 Z=361.371) RuntimeGrid:None EditorOnly:0 RuntimeOnly:0 HLODRelevant:1
 |   |   |- Guid:C0885577497D3830ACBF1693D6C0ACB3 BaseClass: NativeClass:/Script/Engine.VolumetricCloud Name:VolumetricCloud_0 Label:VolumetricCloud SpatiallyLoaded:0 Bounds:IsValid=true, Min=(X=0.000 Y=0.000 Z=820.000), Max=(X=0.000 Y=0.000 Z=820.000) RuntimeGrid:None EditorOnly:0 RuntimeOnly:0 HLODRelevant:0 FolderPath:Lighting FolderGuid:0BA5F0A04EADB18E70D5B180D08FA34B
 |   |   |- Guid:C199C5204757511BF03880A6635A6798 BaseClass: NativeClass:/Script/Engine.StaticMeshActor Name:StaticMeshActor_UAID_B42E99913DA476BB01_1744367405 Label:SM_RockLarge_8 SpatiallyLoaded:1 Bounds:IsValid=true, Min=(X=-5128.194 Y=2633.389 Z=-1394.287), Max=(X=-2486.875 Y=5147.449 Z=1152.076) RuntimeGrid:None EditorOnly:0 RuntimeOnly:0 HLODRelevant:1
 |   |   |- Guid:C2F88D36498989709925FFB0072CD310 BaseClass: NativeClass:/Script/Engine.StaticMeshActor Name:StaticMeshActor_UAID_B42E99913DA475BB01_2131181263 Label:SM_FlowerField_3 SpatiallyLoaded:1 Bounds:IsValid=true, Min=(X=-3435.097 Y=5299.030 Z=109.302), Max=(X=-2718.159 Y=5940.950 Z=154.242) RuntimeGrid:None EditorOnly:0 RuntimeOnly:0 HLODRelevant:1
 |   |   |- Guid:C6378B424D14E09822FB47AB7FFD17ED BaseClass: NativeClass:/Script/Engine.StaticMeshActor Name:StaticMeshActor_UAID_B42E99913DA475BB01_1527959228 Label:SM_Cliff_07 SpatiallyLoaded:1 Bounds:IsValid=true, Min=(X=-4815.151 Y=5552.272 Z=-132.068), Max=(X=-3071.319 Y=6877.957 Z=917.817) RuntimeGrid:None EditorOnly:0 RuntimeOnly:0 HLODRelevant:1
 |   |   |- Guid:CA35EBBF4CD2DA89D14B70A7CFAA64F1 BaseClass: NativeClass:/Script/Engine.StaticMeshActor Name:StaticMeshActor_UAID_B42E99913DA476BB01_1554786404 Label:SM_RockLarge_7 SpatiallyLoaded:1 Bounds:IsValid=true, Min=(X=-2510.550 Y=5464.457 Z=-634.589), Max=(X=-1772.301 Y=5761.936 Z=-152.777) RuntimeGrid:None EditorOnly:0 RuntimeOnly:0 HLODRelevant:1
 |   |   |- Guid:D13B033A4D010E7CE1C5EDB2012BE013 BaseClass: NativeClass:/Script/Engine.StaticMeshActor Name:StaticMeshActor_UAID_B42E99913DA475BB01_1483483224 Label:SM_RuneStone_01_Unstable SpatiallyLoaded:1 Bounds:IsValid=true, Min=(X=-3751.453 Y=5461.126 Z=199.819), Max=(X=-3404.274 Y=5812.067 Z=919.479) RuntimeGrid:None EditorOnly:0 RuntimeOnly:0 HLODRelevant:1
 |   |   |- Guid:D4BBD51A4159B5162BCD7C9B87DC722B BaseClass: NativeClass:/Script/Engine.StaticMeshActor Name:StaticMeshActor_UAID_B42E99913DA474BB01_1285273054 Label:SM_Fence_02 SpatiallyLoaded:1 Bounds:IsValid=true, Min=(X=582.299 Y=4571.221 Z=101.096), Max=(X=905.690 Y=4588.778 Z=224.302) RuntimeGrid:None EditorOnly:0 RuntimeOnly:0 HLODRelevant:1
 |   |   |- Guid:D614294443C29F1C5CB97FB63E8B99DA BaseClass: NativeClass:/Script/Engine.StaticMeshActor Name:StaticMeshActor_UAID_B42E99913DA474BB01_1326799059 Label:SM_Fence_03 SpatiallyLoaded:1 Bounds:IsValid=true, Min=(X=1843.640 Y=4566.616 Z=100.839), Max=(X=2166.441 Y=4584.173 Z=224.046) RuntimeGrid:None EditorOnly:0 RuntimeOnly:0 HLODRelevant:1
 |   |   |- Guid:D881D22444ACEBFD1D99FE9572CD74E1 BaseClass: NativeClass:/Script/Engine.StaticMeshActor Name:StaticMeshActor_UAID_B42E99913DA476BB01_1536621403 Label:SM_RockLarge_2 SpatiallyLoaded:1 Bounds:IsValid=true, Min=(X=-1351.393 Y=4879.610 Z=-478.268), Max=(X=-840.445 Y=5541.388 Z=252.372) RuntimeGrid:None EditorOnly:0 RuntimeOnly:0 HLODRelevant:1
 |   |   |- Guid:E38C84FF4341B1B2233A7F9F6A03692C BaseClass: NativeClass:/Script/Engine.StaticMeshActor Name:StaticMeshActor_UAID_B42E99913DA474BB01_1262762053 Label:SM_HazelBush_01_WIP SpatiallyLoaded:1 Bounds:IsValid=true, Min=(X=1584.081 Y=4074.245 Z=-5.190), Max=(X=2033.120 Y=4507.531 Z=543.211) RuntimeGrid:None EditorOnly:0 RuntimeOnly:0 HLODRelevant:1
 |   |   |- Guid:E4BA7E164F2AF37E9FAAD2B2EA2699C4 BaseClass: NativeClass:/Script/Engine.StaticMeshActor Name:StaticMeshActor_UAID_B42E99913DA474BB01_2017476079 Label:SM_RockLarge_3 SpatiallyLoaded:1 Bounds:IsValid=true, Min=(X=-3149.989 Y=2598.994 Z=-966.899), Max=(X=-701.999 Y=5334.961 Z=1449.082) RuntimeGrid:None EditorOnly:0 RuntimeOnly:0 HLODRelevant:1
 |   |   |- Guid:E601B5614B5E08F3BC0E22AC7C609795 BaseClass: NativeClass:/Script/Engine.StaticMeshActor Name:StaticMeshActor_UAID_B42E99913DA474BB01_1379118061 Label:SM_Bridge_01 SpatiallyLoaded:1 Bounds:IsValid=true, Min=(X=984.922 Y=-441.532 Z=-11.320), Max=(X=2035.853 Y=-33.524 Z=1141.104) RuntimeGrid:None EditorOnly:0 RuntimeOnly:0 HLODRelevant:1
 |   |   |- Guid:EDA2CF154BCC1A4EAE148CB8A1164C68 BaseClass: NativeClass:/Script/Engine.StaticMeshActor Name:StaticMeshActor_UAID_B42E99913DA461BB01_1566981716 Label:SM_Cliff_01 SpatiallyLoaded:1 Bounds:IsValid=true, Min=(X=-963.021 Y=3203.094 Z=-464.166), Max=(X=1037.859 Y=5156.532 Z=474.979) RuntimeGrid:None EditorOnly:0 RuntimeOnly:0 HLODRelevant:1
 |   |   |- Guid:F27849E64552045F534E24B012E8B310 BaseClass: NativeClass:/Script/Engine.ExponentialHeightFog Name:ExponentialHeightFog_0 Label:ExponentialHeightFog SpatiallyLoaded:0 Bounds:IsValid=true, Min=(X=-5600.000 Y=-50.000 Z=-6850.000), Max=(X=-5600.000 Y=-50.000 Z=-6850.000) RuntimeGrid:None EditorOnly:0 RuntimeOnly:0 HLODRelevant:0 FolderPath:Lighting FolderGuid:0BA5F0A04EADB18E70D5B180D08FA34B
 |   |   |- Guid:F7E24B1F42E37AB0F436A39E50778337 BaseClass: NativeClass:/Script/Engine.StaticMeshActor Name:StaticMeshActor_UAID_B42E99913DA474BB01_1210131052 Label:SM_Weed_01 SpatiallyLoaded:1 Bounds:IsValid=true, Min=(X=574.449 Y=3577.445 Z=-1.595), Max=(X=656.144 Y=3659.682 Z=134.749) RuntimeGrid:None EditorOnly:0 RuntimeOnly:0 HLODRelevant:1
 |   |   |- Guid:FA3ACC3E41E452769E6E94B156530E75 BaseClass: NativeClass:/Script/Engine.DirectionalLight Name:DirectionalLight_1 Label:DirectionalLight SpatiallyLoaded:0 Bounds:IsValid=true, Min=(X=-4398046511104.000 Y=-4398046511104.000 Z=-4398046511104.000), Max=(X=4398046511104.000 Y=4398046511104.000 Z=4398046511104.000) RuntimeGrid:None EditorOnly:0 RuntimeOnly:0 HLODRelevant:0 FolderPath:Lighting FolderGuid:0BA5F0A04EADB18E70D5B180D08FA34B
 |   |   |- Guid:FC60ECBE44F7D7F1E7C7AA88D2CA296D BaseClass: NativeClass:/Script/Engine.StaticMeshActor Name:StaticMeshActor_UAID_B42E99913DA475BB01_1509386226 Label:SM_RockMedium_4 SpatiallyLoaded:1 Bounds:IsValid=true, Min=(X=-3678.593 Y=5849.402 Z=-45.545), Max=(X=-2836.213 Y=6634.317 Z=328.537) RuntimeGrid:None EditorOnly:0 RuntimeOnly:0 HLODRelevant:1
 |   |   |- Guid:FE4AD98E4A2E6CF5E122D1A0E2D3D587 BaseClass: NativeClass:/Script/Engine.StaticMeshActor Name:StaticMeshActor_UAID_B42E99913DA474BB01_1199294051 Label:SM_Vines_Large_4 SpatiallyLoaded:1 Bounds:IsValid=true, Min=(X=438.830 Y=3386.079 Z=-29.143), Max=(X=635.527 Y=4027.854 Z=416.699) RuntimeGrid:None EditorOnly:0 RuntimeOnly:0 HLODRelevant:1
 |   |   |- Guid:FE5FA74C47DA29B125F84CA93B41ADF7 BaseClass: NativeClass:/Script/Engine.StaticMeshActor Name:StaticMeshActor_UAID_B42E99913DA475BB01_1987608240 Label:SM_LeafField_01 SpatiallyLoaded:1 Bounds:IsValid=true, Min=(X=1451.681 Y=3929.993 Z=95.731), Max=(X=1855.105 Y=4326.221 Z=130.960) RuntimeGrid:None EditorOnly:0 RuntimeOnly:0 HLODRelevant:1
 |   |- [+] Clusters:
 |   |   |- [+] [  0]
 |   |   |   |- Guid:7D80D2F84CFD8CB8669CE2BB054A9A33 BaseClass: NativeClass:/Script/Engine.StaticMeshActor Name:StaticMeshActor_UAID_B42E99913DA474BB01_2061699080 Label:SM_RockLarge_4 SpatiallyLoaded:1 Bounds:IsValid=true, Min=(X=-2969.994 Y=4956.003 Z=-579.151), Max=(X=-288.629 Y=6857.825 Z=1089.719) RuntimeGrid:None EditorOnly:0 RuntimeOnly:0 HLODRelevant:1
 |   |   |- [+] [  1]
 |   |   |   |- Guid:A42F102649722723D1972087FC8D7DEC BaseClass: NativeClass:/Script/Engine.StaticMeshActor Name:StaticMeshActor_UAID_B42E99913DA476BB01_1146381400 Label:SM_FlowerField_5 SpatiallyLoaded:1 Bounds:IsValid=true, Min=(X=-3955.570 Y=4821.035 Z=109.302), Max=(X=-3488.235 Y=5413.888 Z=154.242) RuntimeGrid:None EditorOnly:0 RuntimeOnly:0 HLODRelevant:1
 |   |   |- [+] [  2]
 |   |   |   |- Guid:2CD9245B48FF8100D7C4A3A7F702A75D BaseClass: NativeClass:/Script/Engine.StaticMeshActor Name:StaticMeshActor_UAID_B42E99913DA476BB01_1135602399 Label:SM_FlowerField_4 SpatiallyLoaded:1 Bounds:IsValid=true, Min=(X=-3662.882 Y=4874.415 Z=109.302), Max=(X=-2945.944 Y=5516.334 Z=154.242) RuntimeGrid:None EditorOnly:0 RuntimeOnly:0 HLODRelevant:1
 |   |   |- [+] [  3]
 |   |   |   |- Guid:3CD4EC7D407BCBDD00A1D2975DB19FF0 BaseClass: NativeClass:/Script/Engine.StaticMeshActor Name:StaticMeshActor_UAID_B42E99913DA474BB01_1985289077 Label:CubeGridToolOutput2 SpatiallyLoaded:1 Bounds:IsValid=true, Min=(X=-3800.000 Y=3100.000 Z=-600.000), Max=(X=-700.000 Y=5600.000 Z=100.000) RuntimeGrid:None EditorOnly:0 RuntimeOnly:0 HLODRelevant:0
 |   |   |- [+] [  4]
 |   |   |   |- Guid:ACEF8B8D43B3F5D6EB08D6943900295B BaseClass: NativeClass:/Script/Engine.StaticMeshActor Name:StaticMeshActor_UAID_B42E99913DA474BB01_1315937058 Label:SM_Fence_6 SpatiallyLoaded:1 Bounds:IsValid=true, Min=(X=1544.070 Y=4571.543 Z=101.096), Max=(X=1866.636 Y=4589.100 Z=224.303) RuntimeGrid:None EditorOnly:0 RuntimeOnly:0 HLODRelevant:1
 |   |   |- [+] [  5]
 |   |   |   |- Guid:BC9E93E34607684BA0B3758396991E32 BaseClass: NativeClass:/Script/Engine.StaticMeshActor Name:StaticMeshActor_UAID_B42E99913DA474BB01_1600635069 Label:SM_RockMedium_3 SpatiallyLoaded:1 Bounds:IsValid=true, Min=(X=1582.842 Y=3007.309 Z=-271.691), Max=(X=2642.798 Y=4282.781 Z=361.371) RuntimeGrid:None EditorOnly:0 RuntimeOnly:0 HLODRelevant:1
 |   |   |- [+] [  6]
 |   |   |   |- Guid:C2F88D36498989709925FFB0072CD310 BaseClass: NativeClass:/Script/Engine.StaticMeshActor Name:StaticMeshActor_UAID_B42E99913DA475BB01_2131181263 Label:SM_FlowerField_3 SpatiallyLoaded:1 Bounds:IsValid=true, Min=(X=-3435.097 Y=5299.030 Z=109.302), Max=(X=-2718.159 Y=5940.950 Z=154.242) RuntimeGrid:None EditorOnly:0 RuntimeOnly:0 HLODRelevant:1
 |   |   |- [+] [  7]
 |   |   |   |- Guid:55A58E324DA6FB7F73CEFF87319B84E1 BaseClass: NativeClass:/Script/Engine.StaticMeshActor Name:StaticMeshActor_UAID_B42E99913DA474BB01_1552679067 Label:SM_Door_Base SpatiallyLoaded:1 Bounds:IsValid=true, Min=(X=957.278 Y=-354.977 Z=1052.842), Max=(X=1006.571 Y=-116.952 Z=1369.486) RuntimeGrid:None EditorOnly:0 RuntimeOnly:0 HLODRelevant:1
 |   |   |- [+] [  8]
 |   |   |   |- Guid:465843C0473F7CCA222E289F8D1820CB BaseClass: NativeClass:/Script/Engine.StaticMeshActor Name:StaticMeshActor_UAID_B42E99913DA474BB01_1449224063 Label:SM_Tower_BaseDoor SpatiallyLoaded:1 Bounds:IsValid=true, Min=(X=-528.241 Y=-1003.241 Z=1.925), Max=(X=1008.241 Y=542.896 Z=1015.324) RuntimeGrid:None EditorOnly:0 RuntimeOnly:0 HLODRelevant:1
 |   |   |- [+] [  9]
 |   |   |   |- Guid:5504A47F40F9325D93F7B5B739B2E2B3 BaseClass: NativeClass:/Script/Engine.StaticMeshActor Name:StaticMeshActor_UAID_B42E99913DA476BB01_1515422402 Label:SM_RockLarge_01 SpatiallyLoaded:1 Bounds:IsValid=true, Min=(X=-1896.258 Y=4794.386 Z=-860.845), Max=(X=-764.799 Y=5831.386 Z=111.153) RuntimeGrid:None EditorOnly:0 RuntimeOnly:0 HLODRelevant:1
 |   |   |- [+] [ 10]
 |   |   |   |- Guid:489CC07E4D5969DAE01D13AD410E8FE8 BaseClass: NativeClass:/Script/Engine.StaticMeshActor Name:StaticMeshActor_UAID_B42E99913DA476BB01_2035649410 Label:SM_FloorWood_02 SpatiallyLoaded:1 Bounds:IsValid=true, Min=(X=-441.664 Y=-866.664 Z=-6.290), Max=(X=941.664 Y=516.664 Z=33.885) RuntimeGrid:None EditorOnly:0 RuntimeOnly:0 HLODRelevant:1
 |   |   |- [+] [ 11]
 |   |   |   |- Guid:9C7FE0B94CC3EEC6A07335A342157378 BaseClass: NativeClass:/Script/Engine.StaticMeshActor Name:StaticMeshActor_UAID_B42E99913DA474BB01_1406901062 Label:SM_Bridge_2 SpatiallyLoaded:1 Bounds:IsValid=true, Min=(X=2034.922 Y=-445.282 Z=-11.320), Max=(X=3085.853 Y=-37.274 Z=1141.104) RuntimeGrid:None EditorOnly:0 RuntimeOnly:0 HLODRelevant:1
 |   |   |- [+] [ 12]
 |   |   |   |- Guid:FE5FA74C47DA29B125F84CA93B41ADF7 BaseClass: NativeClass:/Script/Engine.StaticMeshActor Name:StaticMeshActor_UAID_B42E99913DA475BB01_1987608240 Label:SM_LeafField_01 SpatiallyLoaded:1 Bounds:IsValid=true, Min=(X=1451.681 Y=3929.993 Z=95.731), Max=(X=1855.105 Y=4326.221 Z=130.960) RuntimeGrid:None EditorOnly:0 RuntimeOnly:0 HLODRelevant:1
 |   |   |- [+] [ 13]
 |   |   |   |- Guid:3E0C49B4483C3E7AEA9523A81399305A BaseClass: NativeClass:/Script/Engine.SkyLight Name:SkyLight_0 Label:SkyLight SpatiallyLoaded:0 Bounds:IsValid=true, Min=(X=0.000 Y=0.000 Z=690.000), Max=(X=0.000 Y=0.000 Z=690.000) RuntimeGrid:None EditorOnly:0 RuntimeOnly:0 HLODRelevant:0 FolderPath:Lighting FolderGuid:0BA5F0A04EADB18E70D5B180D08FA34B
 |   |   |- [+] [ 14]
 |   |   |   |- Guid:9D63363147A2B26B52EEB493E6D01F8E BaseClass: NativeClass:/Script/Engine.StaticMeshActor Name:StaticMeshActor_UAID_B42E99913DA474BB01_2146321081 Label:SM_Tree_A_01 SpatiallyLoaded:1 Bounds:IsValid=true, Min=(X=-1619.499 Y=2477.304 Z=82.036), Max=(X=-1068.479 Y=3021.005 Z=1238.200) RuntimeGrid:None EditorOnly:0 RuntimeOnly:0 HLODRelevant:1
 |   |   |- [+] [ 15]
 |   |   |   |- Guid:F27849E64552045F534E24B012E8B310 BaseClass: NativeClass:/Script/Engine.ExponentialHeightFog Name:ExponentialHeightFog_0 Label:ExponentialHeightFog SpatiallyLoaded:0 Bounds:IsValid=true, Min=(X=-5600.000 Y=-50.000 Z=-6850.000), Max=(X=-5600.000 Y=-50.000 Z=-6850.000) RuntimeGrid:None EditorOnly:0 RuntimeOnly:0 HLODRelevant:0 FolderPath:Lighting FolderGuid:0BA5F0A04EADB18E70D5B180D08FA34B
 |   |   |- [+] [ 16]
 |   |   |   |- Guid:D13B033A4D010E7CE1C5EDB2012BE013 BaseClass: NativeClass:/Script/Engine.StaticMeshActor Name:StaticMeshActor_UAID_B42E99913DA475BB01_1483483224 Label:SM_RuneStone_01_Unstable SpatiallyLoaded:1 Bounds:IsValid=true, Min=(X=-3751.453 Y=5461.126 Z=199.819), Max=(X=-3404.274 Y=5812.067 Z=919.479) RuntimeGrid:None EditorOnly:0 RuntimeOnly:0 HLODRelevant:1
 |   |   |- [+] [ 17]
 |   |   |   |- Guid:3674FC204815AA519DC7CFA2F8C36AFB BaseClass: NativeClass:/Script/Engine.StaticMeshActor Name:StaticMeshActor_UAID_B42E99913DA461BB01_1561563714 Label:SM_Pebbles_Dense_Stone SpatiallyLoaded:1 Bounds:IsValid=true, Min=(X=866.057 Y=2036.458 Z=0.574), Max=(X=1015.290 Y=2197.863 Z=9.228) RuntimeGrid:None EditorOnly:0 RuntimeOnly:0 HLODRelevant:1
 |   |   |- [+] [ 18]
 |   |   |   |- Guid:FC60ECBE44F7D7F1E7C7AA88D2CA296D BaseClass: NativeClass:/Script/Engine.StaticMeshActor Name:StaticMeshActor_UAID_B42E99913DA475BB01_1509386226 Label:SM_RockMedium_4 SpatiallyLoaded:1 Bounds:IsValid=true, Min=(X=-3678.593 Y=5849.402 Z=-45.545), Max=(X=-2836.213 Y=6634.317 Z=328.537) RuntimeGrid:None EditorOnly:0 RuntimeOnly:0 HLODRelevant:1
 |   |   |- [+] [ 19]
 |   |   |   |- Guid:A0729A00455023DB64BDB49380BDDDAF BaseClass: NativeClass:/Script/Engine.StaticMeshActor Name:StaticMeshActor_UAID_B42E99913DA461BB01_1622738718 Label:SM_Cliff_08 SpatiallyLoaded:1 Bounds:IsValid=true, Min=(X=1398.358 Y=3708.671 Z=-2.014), Max=(X=1575.173 Y=3880.778 Z=32.650) RuntimeGrid:None EditorOnly:0 RuntimeOnly:0 HLODRelevant:1
 |   |   |- [+] [ 20]
 |   |   |   |- Guid:9C21270B416882636A345A81F515405F BaseClass: NativeClass:/Script/Engine.PointLight Name:PointLight_UAID_B42E99913DA476BB01_2042251411 Label:PointLight SpatiallyLoaded:1 Bounds:IsValid=true, Min=(X=-830.080 Y=-1205.000 Z=-555.000), Max=(X=1169.920 Y=795.000 Z=1445.000) RuntimeGrid:None EditorOnly:0 RuntimeOnly:0 HLODRelevant:0
 |   |   |- [+] [ 21]
 |   |   |   |- Guid:460340504ADBF74457FD818D886BE59E BaseClass: NativeClass:/Script/Engine.StaticMeshActor Name:StaticMeshActor_UAID_B42E99913DA475BB01_1878352235 Label:SM_RoofTIles SpatiallyLoaded:1 Bounds:IsValid=true, Min=(X=-740.683 Y=-1228.635 Z=2749.589), Max=(X=1216.005 Y=727.838 Z=5120.304) RuntimeGrid:None EditorOnly:0 RuntimeOnly:0 HLODRelevant:1
 |   |   |- [+] [ 22]
 |   |   |   |- Guid:9C13DDB24AD937B133B344900784B66F BaseClass: NativeClass:/Script/Engine.WorldDataLayers Name:WorldDataLayers Label:WorldDataLayers SpatiallyLoaded:0 Bounds:IsValid=true, Min=(X=0.000 Y=0.000 Z=0.000), Max=(X=0.000 Y=0.000 Z=0.000) RuntimeGrid:None EditorOnly:0 RuntimeOnly:0 HLODRelevant:0
 |   |   |- [+] [ 23]
 |   |   |   |- Guid:C6378B424D14E09822FB47AB7FFD17ED BaseClass: NativeClass:/Script/Engine.StaticMeshActor Name:StaticMeshActor_UAID_B42E99913DA475BB01_1527959228 Label:SM_Cliff_07 SpatiallyLoaded:1 Bounds:IsValid=true, Min=(X=-4815.151 Y=5552.272 Z=-132.068), Max=(X=-3071.319 Y=6877.957 Z=917.817) RuntimeGrid:None EditorOnly:0 RuntimeOnly:0 HLODRelevant:1
 |   |   |- [+] [ 24]
 |   |   |   |- Guid:CA35EBBF4CD2DA89D14B70A7CFAA64F1 BaseClass: NativeClass:/Script/Engine.StaticMeshActor Name:StaticMeshActor_UAID_B42E99913DA476BB01_1554786404 Label:SM_RockLarge_7 SpatiallyLoaded:1 Bounds:IsValid=true, Min=(X=-2510.550 Y=5464.457 Z=-634.589), Max=(X=-1772.301 Y=5761.936 Z=-152.777) RuntimeGrid:None EditorOnly:0 RuntimeOnly:0 HLODRelevant:1
 |   |   |- [+] [ 25]
 |   |   |   |- Guid:16BF09CD46D442B539CDA0B3F9B58CE5 BaseClass: NativeClass:/Script/Engine.StaticMeshActor Name:StaticMeshActor_UAID_B42E99913DA475BB01_2010633244 Label:SM_Vines_Large_5 SpatiallyLoaded:1 Bounds:IsValid=true, Min=(X=-549.534 Y=3234.362 Z=347.893), Max=(X=-219.145 Y=3491.780 Z=714.176) RuntimeGrid:None EditorOnly:0 RuntimeOnly:0 HLODRelevant:1
 |   |   |- [+] [ 26]
 |   |   |   |- Guid:A8A97FB143D054705A4BFC8E468409F2 BaseClass: NativeClass:/Script/Engine.StaticMeshActor Name:StaticMeshActor_UAID_B42E99913DA475BB01_2104240261 Label:SM_FlowerField_01 SpatiallyLoaded:1 Bounds:IsValid=true, Min=(X=-800.068 Y=2696.513 Z=109.302), Max=(X=-60.989 Y=3451.062 Z=154.242) RuntimeGrid:None EditorOnly:0 RuntimeOnly:0 HLODRelevant:1
 |   |   |- [+] [ 27]
 |   |   |   |- Guid:89B947BA4C320200B30947ABBEF523D5 BaseClass: NativeClass:/Script/Engine.StaticMeshActor Name:StaticMeshActor_UAID_B42E99913DA475BB01_1870169234 Label:SM_Tower_BaseDoor3 SpatiallyLoaded:1 Bounds:IsValid=true, Min=(X=-528.241 Y=-1012.896 Z=2006.925), Max=(X=1008.241 Y=533.241 Z=3020.324) RuntimeGrid:None EditorOnly:0 RuntimeOnly:0 HLODRelevant:1
 |   |   |- [+] [ 28]
 |   |   |   |- Guid:528DFA384DE33C44B1BA67B90D0BDDDB BaseClass: NativeClass:/Script/Engine.StaticMeshActor Name:StaticMeshActor_UAID_B42E99913DA475BB01_1565478229 Label:SM_Cliff_9 SpatiallyLoaded:1 Bounds:IsValid=true, Min=(X=-3966.826 Y=5306.763 Z=39.490), Max=(X=-3259.566 Y=5995.190 Z=178.148) RuntimeGrid:None EditorOnly:0 RuntimeOnly:0 HLODRelevant:1
 |   |   |- [+] [ 29]
 |   |   |   |- Guid:708CEB6E4A4E3048F2E60AAD74C8E0D6 BaseClass: NativeClass:/Script/Engine.StaticMeshActor Name:StaticMeshActor_UAID_B42E99913DA474BB01_1574749068 Label:SM_Bridge_03 SpatiallyLoaded:1 Bounds:IsValid=true, Min=(X=3084.147 Y=-442.726 Z=-6.320), Max=(X=4135.078 Y=-34.718 Z=1146.104) RuntimeGrid:None EditorOnly:0 RuntimeOnly:0 HLODRelevant:1
 |   |   |- [+] [ 30]
 |   |   |   |- Guid:254748D04660851EB3B2559DF9F3C406 BaseClass: NativeClass:/Script/Engine.StaticMeshActor Name:StaticMeshActor_UAID_B42E99913DA474BB01_1313889057 Label:SM_Fence_5 SpatiallyLoaded:1 Bounds:IsValid=true, Min=(X=1224.070 Y=4571.543 Z=101.096), Max=(X=1546.636 Y=4589.100 Z=224.303) RuntimeGrid:None EditorOnly:0 RuntimeOnly:0 HLODRelevant:1
 |   |   |- [+] [ 31]
 |   |   |   |- Guid:AFABE64F439B47808028A39D055833A6 BaseClass: NativeClass:/Script/Engine.StaticMeshActor Name:StaticMeshActor_UAID_B42E99913DA461BB01_1563994715 Label:SM_RockMedium_02 SpatiallyLoaded:1 Bounds:IsValid=true, Min=(X=1792.219 Y=3767.842 Z=-271.691), Max=(X=3067.691 Y=4827.798 Z=361.371) RuntimeGrid:None EditorOnly:0 RuntimeOnly:0 HLODRelevant:1
 |   |   |- [+] [ 32]
 |   |   |   |- Guid:7FD97E3540442A80B5D4168A85AEE593 BaseClass: NativeClass:/Script/Engine.StaticMeshActor Name:StaticMeshActor_UAID_B42E99913DA474BB01_1303722056 Label:SM_Fence_04 SpatiallyLoaded:1 Bounds:IsValid=true, Min=(X=904.070 Y=4571.543 Z=101.096), Max=(X=1226.636 Y=4589.100 Z=224.303) RuntimeGrid:None EditorOnly:0 RuntimeOnly:0 HLODRelevant:1
 |   |   |- [+] [ 33]
 |   |   |   |- Guid:517CFFAF4C137328444443B50BC31257 BaseClass: NativeClass:/Script/Engine.StaticMeshActor Name:StaticMeshActor_UAID_B42E99913DA461BB01_1533879710 Label:SM_Candelabra_Frame SpatiallyLoaded:1 Bounds:IsValid=true, Min=(X=556.081 Y=117.060 Z=34.998), Max=(X=1138.264 Y=678.399 Z=607.841) RuntimeGrid:None EditorOnly:0 RuntimeOnly:0 HLODRelevant:1
 |   |   |- [+] [ 34]
 |   |   |   |- Guid:C199C5204757511BF03880A6635A6798 BaseClass: NativeClass:/Script/Engine.StaticMeshActor Name:StaticMeshActor_UAID_B42E99913DA476BB01_1744367405 Label:SM_RockLarge_8 SpatiallyLoaded:1 Bounds:IsValid=true, Min=(X=-5128.194 Y=2633.389 Z=-1394.287), Max=(X=-2486.875 Y=5147.449 Z=1152.076) RuntimeGrid:None EditorOnly:0 RuntimeOnly:0 HLODRelevant:1
 |   |   |- [+] [ 35]
 |   |   |   |- Guid:469FC24A49166FA5D63877ADE5B39165 BaseClass: NativeClass:/Script/Engine.SkyAtmosphere Name:SkyAtmosphere_0 Label:SkyAtmosphere SpatiallyLoaded:0 Bounds:IsValid=true, Min=(X=0.000 Y=0.000 Z=1020.000), Max=(X=0.000 Y=0.000 Z=1020.000) RuntimeGrid:None EditorOnly:0 RuntimeOnly:0 HLODRelevant:0 FolderPath:Lighting FolderGuid:0BA5F0A04EADB18E70D5B180D08FA34B
 |   |   |- [+] [ 36]
 |   |   |   |- Guid:D881D22444ACEBFD1D99FE9572CD74E1 BaseClass: NativeClass:/Script/Engine.StaticMeshActor Name:StaticMeshActor_UAID_B42E99913DA476BB01_1536621403 Label:SM_RockLarge_2 SpatiallyLoaded:1 Bounds:IsValid=true, Min=(X=-1351.393 Y=4879.610 Z=-478.268), Max=(X=-840.445 Y=5541.388 Z=252.372) RuntimeGrid:None EditorOnly:0 RuntimeOnly:0 HLODRelevant:1
 |   |   |- [+] [ 37]
 |   |   |   |- Guid:25DE7D6548A30C48721C85B5A7CFC024 BaseClass: NativeClass:/Script/Engine.StaticMeshActor Name:StaticMeshActor_UAID_B42E99913DA461BB01_1560352713 Label:SM_Pebbles_Scattered_Stone SpatiallyLoaded:1 Bounds:IsValid=true, Min=(X=701.847 Y=2149.433 Z=-1.237), Max=(X=924.424 Y=2353.956 Z=5.692) RuntimeGrid:None EditorOnly:0 RuntimeOnly:0 HLODRelevant:1
 |   |   |- [+] [ 38]
 |   |   |   |- Guid:B565FBCB45D5ACA1005C57A811AFBC88 BaseClass: NativeClass:/Script/Engine.PlayerStart Name:PlayerStart_0 Label:PlayerStart SpatiallyLoaded:0 Bounds:IsValid=true, Min=(X=1015.000 Y=4395.000 Z=110.013), Max=(X=1095.000 Y=4475.000 Z=294.013) RuntimeGrid:None EditorOnly:0 RuntimeOnly:0 HLODRelevant:0
 |   |   |- [+] [ 39]
 |   |   |   |- Guid:0CA5A99B4B46818BC524EB9E7CC3074D BaseClass: NativeClass:/Script/Engine.StaticMeshActor Name:StaticMeshActor_UAID_B42E99913DA476BB01_1876377406 Label:SM_Tree_C_01 SpatiallyLoaded:1 Bounds:IsValid=true, Min=(X=-3338.638 Y=761.869 Z=58.683), Max=(X=-1356.893 Y=2712.525 Z=1731.626) RuntimeGrid:None EditorOnly:0 RuntimeOnly:0 HLODRelevant:1
 |   |   |- [+] [ 40]
 |   |   |   |- Guid:E4BA7E164F2AF37E9FAAD2B2EA2699C4 BaseClass: NativeClass:/Script/Engine.StaticMeshActor Name:StaticMeshActor_UAID_B42E99913DA474BB01_2017476079 Label:SM_RockLarge_3 SpatiallyLoaded:1 Bounds:IsValid=true, Min=(X=-3149.989 Y=2598.994 Z=-966.899), Max=(X=-701.999 Y=5334.961 Z=1449.082) RuntimeGrid:None EditorOnly:0 RuntimeOnly:0 HLODRelevant:1
 |   |   |- [+] [ 41]
 |   |   |   |- Guid:E601B5614B5E08F3BC0E22AC7C609795 BaseClass: NativeClass:/Script/Engine.StaticMeshActor Name:StaticMeshActor_UAID_B42E99913DA474BB01_1379118061 Label:SM_Bridge_01 SpatiallyLoaded:1 Bounds:IsValid=true, Min=(X=984.922 Y=-441.532 Z=-11.320), Max=(X=2035.853 Y=-33.524 Z=1141.104) RuntimeGrid:None EditorOnly:0 RuntimeOnly:0 HLODRelevant:1
 |   |   |- [+] [ 42]
 |   |   |   |- Guid:759DE515469FD163F40A428D2EBBE36C BaseClass: NativeClass:/Script/Engine.StaticMeshActor Name:StaticMeshActor_UAID_B42E99913DA475BB01_2120693262 Label:SM_FlowerField_2 SpatiallyLoaded:1 Bounds:IsValid=true, Min=(X=-1096.062 Y=2429.932 Z=109.302), Max=(X=-341.513 Y=3169.011 Z=154.242) RuntimeGrid:None EditorOnly:0 RuntimeOnly:0 HLODRelevant:1
 |   |   |- [+] [ 43]
 |   |   |   |- Guid:D614294443C29F1C5CB97FB63E8B99DA BaseClass: NativeClass:/Script/Engine.StaticMeshActor Name:StaticMeshActor_UAID_B42E99913DA474BB01_1326799059 Label:SM_Fence_03 SpatiallyLoaded:1 Bounds:IsValid=true, Min=(X=1843.640 Y=4566.616 Z=100.839), Max=(X=2166.441 Y=4584.173 Z=224.046) RuntimeGrid:None EditorOnly:0 RuntimeOnly:0 HLODRelevant:1
 |   |   |- [+] [ 44]
 |   |   |   |- Guid:EDA2CF154BCC1A4EAE148CB8A1164C68 BaseClass: NativeClass:/Script/Engine.StaticMeshActor Name:StaticMeshActor_UAID_B42E99913DA461BB01_1566981716 Label:SM_Cliff_01 SpatiallyLoaded:1 Bounds:IsValid=true, Min=(X=-963.021 Y=3203.094 Z=-464.166), Max=(X=1037.859 Y=5156.532 Z=474.979) RuntimeGrid:None EditorOnly:0 RuntimeOnly:0 HLODRelevant:1
 |   |   |- [+] [ 45]
 |   |   |   |- Guid:3C110524401F8E640960E7A6F4EC7486 BaseClass: NativeClass:/Script/Engine.StaticMeshActor Name:StaticMeshActor_UAID_B42E99913DA461BB01_1700034730 Label:SM_Tree_C_02_WIP SpatiallyLoaded:1 Bounds:IsValid=true, Min=(X=913.248 Y=2638.777 Z=-37.835), Max=(X=2327.375 Y=4099.635 Z=1552.831) RuntimeGrid:None EditorOnly:0 RuntimeOnly:0 HLODRelevant:1
 |   |   |- [+] [ 46]
 |   |   |   |- Guid:98BA4E1546BD7BAC45172A9229E9DFE0 BaseClass: NativeClass:/Script/Engine.StaticMeshActor Name:StaticMeshActor_UAID_B42E99913DA475BB01_1491267225 Label:SM_RockLarge_5 SpatiallyLoaded:1 Bounds:IsValid=true, Min=(X=-3438.573 Y=5688.175 Z=-21.191), Max=(X=-2091.325 Y=6948.228 Z=647.082) RuntimeGrid:None EditorOnly:0 RuntimeOnly:0 HLODRelevant:1
 |   |   |- [+] [ 47]
 |   |   |   |- Guid:138E326247EFA9499274C58EAE09327B BaseClass: NativeClass:/Script/Engine.StaticMeshActor Name:StaticMeshActor_UAID_B42E99913DA475BB01_1437505223 Label:CubeGridToolOutput3 SpatiallyLoaded:1 Bounds:IsValid=true, Min=(X=-4500.000 Y=4600.000 Z=-600.000), Max=(X=-2100.000 Y=6200.000 Z=100.000) RuntimeGrid:None EditorOnly:0 RuntimeOnly:0 HLODRelevant:0
 |   |   |- [+] [ 48]
 |   |   |   |- Guid:43905AF849469BC9AF406E95800ED46A BaseClass: NativeClass:/Script/Engine.StaticMeshActor Name:StaticMeshActor_UAID_B42E99913DA474BB01_1174723049 Label:SM_Pebbles_Scattered_Stone2 SpatiallyLoaded:1 Bounds:IsValid=true, Min=(X=771.847 Y=3724.433 Z=-1.237), Max=(X=994.424 Y=3928.956 Z=5.692) RuntimeGrid:None EditorOnly:0 RuntimeOnly:0 HLODRelevant:1
 |   |   |- [+] [ 49]
 |   |   |   |- Guid:2CC5647B4C0331307C14BE9519434055 BaseClass: NativeClass:/Script/Engine.StaticMeshActor Name:StaticMeshActor_UAID_B42E99913DA474BB01_1727327076 Label:CubeGridToolOutput SpatiallyLoaded:1 Bounds:IsValid=true, Min=(X=-3900.000 Y=600.000 Z=-0.000), Max=(X=2500.000 Y=4700.000 Z=100.000) RuntimeGrid:None EditorOnly:0 RuntimeOnly:0 HLODRelevant:0
 |   |   |- [+] [ 50]
 |   |   |   |- Guid:65B4FDF9499D631FADF22F9C0E137020 BaseClass: NativeClass:/Script/Engine.StaticMeshActor Name:StaticMeshActor_UAID_B42E99913DA461BB01_1444122708 Label:SM_BookStand SpatiallyLoaded:1 Bounds:IsValid=true, Min=(X=544.246 Y=249.327 Z=-6.892), Max=(X=713.503 Y=410.027 Z=217.129) RuntimeGrid:None EditorOnly:0 RuntimeOnly:0 HLODRelevant:1
 |   |   |- [+] [ 51]
 |   |   |   |- Guid:FA3ACC3E41E452769E6E94B156530E75 BaseClass: NativeClass:/Script/Engine.DirectionalLight Name:DirectionalLight_1 Label:DirectionalLight SpatiallyLoaded:0 Bounds:IsValid=true, Min=(X=-4398046511104.000 Y=-4398046511104.000 Z=-4398046511104.000), Max=(X=4398046511104.000 Y=4398046511104.000 Z=4398046511104.000) RuntimeGrid:None EditorOnly:0 RuntimeOnly:0 HLODRelevant:0 FolderPath:Lighting FolderGuid:0BA5F0A04EADB18E70D5B180D08FA34B
 |   |   |- [+] [ 52]
 |   |   |   |- Guid:77585AF143010479E6BD0D9EC0BBB3FE BaseClass: NativeClass:/Script/Engine.StaticMeshActor Name:StaticMeshActor_UAID_B42E99913DA475BB01_1114041260 Label:SM_Vines_Wide_02 SpatiallyLoaded:1 Bounds:IsValid=true, Min=(X=-95.964 Y=3339.706 Z=90.221), Max=(X=461.166 Y=3626.947 Z=453.471) RuntimeGrid:None EditorOnly:0 RuntimeOnly:0 HLODRelevant:1
 |   |   |- [+] [ 53]
 |   |   |   |- Guid:291160DD44771C8DAFE755B45F1E17C2 BaseClass: NativeClass:/Script/Engine.StaticMeshActor Name:StaticMeshActor_UAID_B42E99913DA476BB01_1887491407 Label:SM_Tree_A_03 SpatiallyLoaded:1 Bounds:IsValid=true, Min=(X=-1124.407 Y=765.477 Z=99.987), Max=(X=-413.999 Y=1510.959 Z=1422.577) RuntimeGrid:None EditorOnly:0 RuntimeOnly:0 HLODRelevant:1
 |   |   |- [+] [ 54]
 |   |   |   |- Guid:A7DB9FAC490C92CC2371849B52C79001 BaseClass: NativeClass:/Script/Engine.StaticMeshActor Name:StaticMeshActor_UAID_B42E99913DA475BB01_1077402258 Label:SM_Bush_01_WIP SpatiallyLoaded:1 Bounds:IsValid=true, Min=(X=-1394.849 Y=2555.397 Z=70.053), Max=(X=-869.503 Y=3098.001 Z=419.352) RuntimeGrid:None EditorOnly:0 RuntimeOnly:0 HLODRelevant:1
 |   |   |- [+] [ 55]
 |   |   |   |- Guid:E38C84FF4341B1B2233A7F9F6A03692C BaseClass: NativeClass:/Script/Engine.StaticMeshActor Name:StaticMeshActor_UAID_B42E99913DA474BB01_1262762053 Label:SM_HazelBush_01_WIP SpatiallyLoaded:1 Bounds:IsValid=true, Min=(X=1584.081 Y=4074.245 Z=-5.190), Max=(X=2033.120 Y=4507.531 Z=543.211) RuntimeGrid:None EditorOnly:0 RuntimeOnly:0 HLODRelevant:1
 |   |   |- [+] [ 56]
 |   |   |   |- Guid:F7E24B1F42E37AB0F436A39E50778337 BaseClass: NativeClass:/Script/Engine.StaticMeshActor Name:StaticMeshActor_UAID_B42E99913DA474BB01_1210131052 Label:SM_Weed_01 SpatiallyLoaded:1 Bounds:IsValid=true, Min=(X=574.449 Y=3577.445 Z=-1.595), Max=(X=656.144 Y=3659.682 Z=134.749) RuntimeGrid:None EditorOnly:0 RuntimeOnly:0 HLODRelevant:1
 |   |   |- [+] [ 57]
 |   |   |   |- Guid:6B9DB0004AAF229386EB76826B5F84B4 BaseClass: NativeClass:/Script/Engine.StaticMeshActor Name:StaticMeshActor_UAID_B42E99913DA474BB01_1173329048 Label:SM_Pebbles_Dense_Stone2 SpatiallyLoaded:1 Bounds:IsValid=true, Min=(X=1341.057 Y=4076.458 Z=0.574), Max=(X=1490.290 Y=4237.863 Z=9.228) RuntimeGrid:None EditorOnly:0 RuntimeOnly:0 HLODRelevant:1
 |   |   |- [+] [ 58]
 |   |   |   |- Guid:A8F84C6A4663D635F83B33A48D152FCB BaseClass: NativeClass:/Script/Engine.PostProcessVolume Name:PostProcessVolume_0 Label:PostProcessVolume SpatiallyLoaded:0 Bounds:IsValid=true, Min=(X=0.000 Y=0.000 Z=400.000), Max=(X=200.000 Y=200.000 Z=600.000) RuntimeGrid:None EditorOnly:0 RuntimeOnly:0 HLODRelevant:0 FolderPath:Lighting FolderGuid:0BA5F0A04EADB18E70D5B180D08FA34B
 |   |   |- [+] [ 59]
 |   |   |   |- Guid:73AF06AC41ACD66612ED33BBED5980D1 BaseClass: NativeClass:/Script/Engine.StaticMeshActor Name:StaticMeshActor_UAID_B42E99913DA475BB01_1680401231 Label:SM_RockLarge_6 SpatiallyLoaded:1 Bounds:IsValid=true, Min=(X=-1194.179 Y=4432.194 Z=-1675.980), Max=(X=-120.729 Y=5267.421 Z=1368.374) RuntimeGrid:None EditorOnly:0 RuntimeOnly:0 HLODRelevant:1
 |   |   |- [+] [ 60]
 |   |   |   |- Guid:C0885577497D3830ACBF1693D6C0ACB3 BaseClass: NativeClass:/Script/Engine.VolumetricCloud Name:VolumetricCloud_0 Label:VolumetricCloud SpatiallyLoaded:0 Bounds:IsValid=true, Min=(X=0.000 Y=0.000 Z=820.000), Max=(X=0.000 Y=0.000 Z=820.000) RuntimeGrid:None EditorOnly:0 RuntimeOnly:0 HLODRelevant:0 FolderPath:Lighting FolderGuid:0BA5F0A04EADB18E70D5B180D08FA34B
 |   |   |- [+] [ 61]
 |   |   |   |- Guid:2770974643B937572A07D4925F3C7860 BaseClass: NativeClass:/Script/Engine.StaticMeshActor Name:StaticMeshActor_UAID_B42E99913DA474BB01_1515531066 Label:SM_Tower_BaseDoor2 SpatiallyLoaded:1 Bounds:IsValid=true, Min=(X=-528.241 Y=-1003.241 Z=1006.925), Max=(X=1017.896 Y=533.241 Z=2020.324) RuntimeGrid:None EditorOnly:0 RuntimeOnly:0 HLODRelevant:1
 |   |   |- [+] [ 62]
 |   |   |   |- Guid:96CAA0AC400B1122FE5793A534C49738 BaseClass: NativeClass:/Script/Engine.StaticMeshActor Name:StaticMeshActor_UAID_B42E99913DA474BB01_1189827050 Label:SM_Vines_Large_03 SpatiallyLoaded:1 Bounds:IsValid=true, Min=(X=542.803 Y=3956.801 Z=-29.143), Max=(X=630.349 Y=4593.039 Z=416.699) RuntimeGrid:None EditorOnly:0 RuntimeOnly:0 HLODRelevant:1
 |   |   |- [+] [ 63]
 |   |   |   |- Guid:D4BBD51A4159B5162BCD7C9B87DC722B BaseClass: NativeClass:/Script/Engine.StaticMeshActor Name:StaticMeshActor_UAID_B42E99913DA474BB01_1285273054 Label:SM_Fence_02 SpatiallyLoaded:1 Bounds:IsValid=true, Min=(X=582.299 Y=4571.221 Z=101.096), Max=(X=905.690 Y=4588.778 Z=224.302) RuntimeGrid:None EditorOnly:0 RuntimeOnly:0 HLODRelevant:1
 |   |   |- [+] [ 64]
 |   |   |   |- Guid:FE4AD98E4A2E6CF5E122D1A0E2D3D587 BaseClass: NativeClass:/Script/Engine.StaticMeshActor Name:StaticMeshActor_UAID_B42E99913DA474BB01_1199294051 Label:SM_Vines_Large_4 SpatiallyLoaded:1 Bounds:IsValid=true, Min=(X=438.830 Y=3386.079 Z=-29.143), Max=(X=635.527 Y=4027.854 Z=416.699) RuntimeGrid:None EditorOnly:0 RuntimeOnly:0 HLODRelevant:1
 |   |   |- [+] [ 65]
 |   |   |   |- Guid:6FACA44D4A961E5F2832B19B86491422 BaseClass: NativeClass:/Script/Engine.StaticMeshActor Name:StaticMeshActor_UAID_B42E99913DA474BB01_1996488078 Label:SM_RockLarge_02 SpatiallyLoaded:1 Bounds:IsValid=true, Min=(X=-1597.846 Y=3034.539 Z=-298.423), Max=(X=451.110 Y=5054.902 Z=925.495) RuntimeGrid:None EditorOnly:0 RuntimeOnly:0 HLODRelevant:1
 |   |   |- [+] [ 66]
 |   |   |   |- Guid:29FB1CFB420C8CCBE151D1BC3BE78971 BaseClass: NativeClass:/Script/Engine.StaticMeshActor Name:StaticMeshActor_UAID_B42E99913DA475BB01_1624859230 Label:SM_Cliff_2 SpatiallyLoaded:1 Bounds:IsValid=true, Min=(X=-5431.933 Y=4132.891 Z=-335.155), Max=(X=-3527.749 Y=6052.052 Z=545.293) RuntimeGrid:None EditorOnly:0 RuntimeOnly:0 HLODRelevant:1
 |- ContainerInstances:
 |- [+] MainContainer:
 |   |-        ID: 0x0000000000000000
 |   |-    Bounds: IsValid=false, Min=(X=0.000 Y=0.000 Z=0.000), Max=(X=0.000 Y=0.000 Z=0.000)
 |   |- Transform: 0.000000,0.000000,0.000000|0.000000,0.000000,-0.000000|1.000000,1.000000,1.000000
 |   |- Container: /Game/FirstPerson/Maps/AssetsLevel
----------------------------------------------------------------------------------------------------------------
AssetsLevel - Persistent Level
----------------------------------------------------------------------------------------------------------------
Always loaded Actor Count: 74 

----------------------------------------------------------------------------------------------------------------
AssetsLevel - Runtime Spatial Hash - Streaming Grid - MainGrid
----------------------------------------------------------------------------------------------------------------
            Origin: X=0.000 Y=0.000 Z=0.000
         Cell Size: 12800
      World Bounds: IsValid=false, Min=(X=0.000 Y=0.000 Z=0.000), Max=(X=0.000 Y=0.000 Z=0.000)
     Loading Range: 25600.00
Block Slow Loading: No
 ClientOnlyVisible: No

[+] Grid Levels: 1
 |- Level  0: Cell Count    0 | Cell Size   12800 | Actor Count    0 (0.0%)

[+] Content of Grid Level 0

